Using pre-set license
Built from '2020.3/china_unity/release' branch; Version is '2020.3.25f1c1 (fd09ccef852e) revision 16583116'; Using compiler version '192528614'; Build Type 'Release'
OS: 'Windows 10  (10.0.19044) 64bit CoreCountrySpecific' Language: 'zh' Physical Memory: 16236 MB
BatchMode: 1, IsHumanControllingUs: 0, StartBugReporterOnCrash: 0, Is64bit: 1, IsPro: 0

COMMAND LINE ARGUMENTS:
D:\unity hub\2020.3.25f1c1\Editor\Unity.exe
-adb2
-batchMode
-noUpm
-name
AssetImportWorker0
-projectPath
D:/3DRPG/3DRPG/3DPRG
-logFile
Logs/AssetImportWorker0.log
-srvPort
51482
Successfully changed project path to: D:/3DRPG/3DRPG/3DPRG
D:/3DRPG/3DRPG/3DPRG
Using Asset Import Pipeline V2.
AS: AutoStreaming module initializing.Refreshing native plugins compatible for Editor in 57.44 ms, found 2 plugins.
Preloading 0 native plugins for Editor in 0.00 ms.
Initialize engine version: 2020.3.25f1c1 (fd09ccef852e)
[Subsystems] Discovering subsystems at path D:/unity hub/2020.3.25f1c1/Editor/Data/Resources/UnitySubsystems
[Subsystems] Discovering subsystems at path D:/3DRPG/3DRPG/3DPRG/Assets
GfxDevice: creating device client; threaded=0
Direct3D:
    Version:  Direct3D 11.0 [level 11.1]
    Renderer: NVIDIA GeForce RTX 3060 Laptop GPU (ID=0x2560)
    Vendor:   
    VRAM:     6023 MB
    Driver:   30.0.15.1236
Initialize mono
Mono path[0] = 'D:/unity hub/2020.3.25f1c1/Editor/Data/Managed'
Mono path[1] = 'D:/unity hub/2020.3.25f1c1/Editor/Data/MonoBleedingEdge/lib/mono/unityjit'
Mono config path = 'D:/unity hub/2020.3.25f1c1/Editor/Data/MonoBleedingEdge/etc'
Using monoOptions --debugger-agent=transport=dt_socket,embedding=1,server=y,suspend=n,address=127.0.0.1:56272
Begin MonoManager ReloadAssembly
Registering precompiled unity dll's ...
Register platform support module: D:/unity hub/2020.3.25f1c1/Editor/Data/PlaybackEngines/WindowsStandaloneSupport/UnityEditor.WindowsStandalone.Extensions.dll
Registered in 0.001145 seconds.
Native extension for WindowsStandalone target not found
Refreshing native plugins compatible for Editor in 53.85 ms, found 2 plugins.
Preloading 0 native plugins for Editor in 0.00 ms.
Mono: successfully reloaded assembly
- Completed reload, in  0.521 seconds
Domain Reload Profiling:
	ReloadAssembly (521ms)
		BeginReloadAssembly (64ms)
			ExecutionOrderSort (0ms)
			DisableScriptedObjects (0ms)
			BackupInstance (0ms)
			ReleaseScriptingObjects (0ms)
			CreateAndSetChildDomain (1ms)
		EndReloadAssembly (402ms)
			LoadAssemblies (63ms)
			RebuildTransferFunctionScriptingTraits (0ms)
			SetupTypeCache (121ms)
			ReleaseScriptCaches (0ms)
			RebuildScriptCaches (22ms)
			SetupLoadedEditorAssemblies (169ms)
				LogAssemblyErrors (0ms)
				InitializePlatformSupportModulesInManaged (4ms)
				SetLoadedEditorAssemblies (0ms)
				RefreshPlugins (54ms)
				BeforeProcessingInitializeOnLoad (15ms)
				ProcessInitializeOnLoadAttributes (72ms)
				ProcessInitializeOnLoadMethodAttributes (25ms)
				AfterProcessingInitializeOnLoad (0ms)
				EditorAssembliesLoaded (0ms)
			ExecutionOrderSort2 (0ms)
			AwakeInstancesAfterBackupRestoration (0ms)
Platform modules already initialized, skipping
Registering precompiled user dll's ...
Registered in 0.004342 seconds.
Begin MonoManager ReloadAssembly
Native extension for WindowsStandalone target not found
Refreshing native plugins compatible for Editor in 57.49 ms, found 2 plugins.
Preloading 0 native plugins for Editor in 0.00 ms.
Mono: successfully reloaded assembly
- Completed reload, in  1.083 seconds
Domain Reload Profiling:
	ReloadAssembly (1084ms)
		BeginReloadAssembly (131ms)
			ExecutionOrderSort (0ms)
			DisableScriptedObjects (4ms)
			BackupInstance (0ms)
			ReleaseScriptingObjects (0ms)
			CreateAndSetChildDomain (18ms)
		EndReloadAssembly (905ms)
			LoadAssemblies (110ms)
			RebuildTransferFunctionScriptingTraits (0ms)
			SetupTypeCache (284ms)
			ReleaseScriptCaches (1ms)
			RebuildScriptCaches (47ms)
			SetupLoadedEditorAssemblies (367ms)
				LogAssemblyErrors (0ms)
				InitializePlatformSupportModulesInManaged (3ms)
				SetLoadedEditorAssemblies (0ms)
				RefreshPlugins (58ms)
				BeforeProcessingInitializeOnLoad (88ms)
				ProcessInitializeOnLoadAttributes (207ms)
				ProcessInitializeOnLoadMethodAttributes (9ms)
				AfterProcessingInitializeOnLoad (2ms)
				EditorAssembliesLoaded (0ms)
			ExecutionOrderSort2 (0ms)
			AwakeInstancesAfterBackupRestoration (7ms)
Platform modules already initialized, skipping
========================================================================
Worker process is ready to serve import requests
Launched and connected shader compiler UnityShaderCompiler.exe after 0.06 seconds
Refreshing native plugins compatible for Editor in 0.64 ms, found 2 plugins.
Preloading 0 native plugins for Editor in 0.00 ms.
Unloading 3489 Unused Serialized files (Serialized files now loaded: 0)
System memory in use before: 157.1 MB.
System memory in use after: 157.3 MB.

Unloading 22 unused Assets to reduce memory usage. Loaded Objects now: 3928.
Total: 3.531100 ms (FindLiveObjects: 0.300900 ms CreateObjectMapping: 0.180300 ms MarkObjects: 2.921300 ms  DeleteObjects: 0.127200 ms)

AssetImportParameters requested are different than current active one (requested -> active):
  custom:framework-win-MediaFoundation: 216162199b28c13a410421893ffa2e32 -> 
  custom:video-decoder-ogg-theora: a1e56fd34408186e4bbccfd4996cb3dc -> 
  custom:container-muxer-webm: aa71ff27fc2769a1b78a27578f13a17b -> 
  custom:container-demuxer-webm: 4f35f7cbe854078d1ac9338744f61a02 -> 
  custom:container-demuxer-ogg: 62fdf1f143b41e24485cea50d1cbac27 -> 
  custom:video-encoder-webm-vp8: eb34c28f22e8b96e1ab97ce403110664 -> 
  custom:video-codec-MediaFoundation-h265: 746d11721c4dcdbdad8f713fa42b33f4 -> 
  custom:video-decoder-webm-vp8: 9c59270c3fd7afecdb556c50c9e8de78 -> 
  custom:audio-decoder-ogg-vorbis: bf7c407c2cedff20999df2af8eb42d56 -> 
  custom:audio-encoder-webm-vorbis: bf7c407c2cedff20999df2af8eb42d56 -> 
========================================================================
Received Import Request.
  path: Assets/Materials/OcclusionShader.shadergraph
  artifactKey: Guid(a4c5dea8fb007544abe2ca9fac22a50d) Importer(815301076,1909f56bfc062723c751e8b465ee728b)
Start importing Assets/Materials/OcclusionShader.shadergraph using Guid(a4c5dea8fb007544abe2ca9fac22a50d) Importer(815301076,1909f56bfc062723c751e8b465ee728b)  -> (artifact id: '95f98cad5452f879a926ec0faa1ef1ea') in 0.036803 seconds 
  Import took 0.042462 seconds .

========================================================================
Received Import Request.
  Time since last request: 16.524074 seconds.
  path: Assets/Materials/Shader Graphs_OcclusionShader.mat
  artifactKey: Guid(be3e4d2b9064fb34fad518a35acf04d8) Importer(815301076,1909f56bfc062723c751e8b465ee728b)
Start importing Assets/Materials/Shader Graphs_OcclusionShader.mat using Guid(be3e4d2b9064fb34fad518a35acf04d8) Importer(815301076,1909f56bfc062723c751e8b465ee728b)  -> (artifact id: 'df4ecf4ef8701465813c1daa57e3d7c8') in 0.186960 seconds 
  Import took 0.192464 seconds .

========================================================================
Received Import Request.
  Time since last request: 12.954387 seconds.
  path: Assets/Materials/Occlusion.mat
  artifactKey: Guid(be3e4d2b9064fb34fad518a35acf04d8) Importer(815301076,1909f56bfc062723c751e8b465ee728b)
Start importing Assets/Materials/Occlusion.mat using Guid(be3e4d2b9064fb34fad518a35acf04d8) Importer(815301076,1909f56bfc062723c751e8b465ee728b)  -> (artifact id: '10347a5047417bb79aab7251a1194e3b') in 0.009411 seconds 
  Import took 0.014906 seconds .

========================================================================
Received Import Request.
  Time since last request: 422.182162 seconds.
  path: Assets/PipeLineSettings/UniversalRenderPipelineAsset_Renderer.asset
  artifactKey: Guid(f434888d331d47846bf4a0a537b96526) Importer(815301076,1909f56bfc062723c751e8b465ee728b)
Start importing Assets/PipeLineSettings/UniversalRenderPipelineAsset_Renderer.asset using Guid(f434888d331d47846bf4a0a537b96526) Importer(815301076,1909f56bfc062723c751e8b465ee728b)  -> (artifact id: '884a9b7e930e036564ed1d2dd97ca254') in 0.007016 seconds 
  Import took 0.014662 seconds .

========================================================================
Received Import Request.
  Time since last request: 11.064992 seconds.
  path: Assets/AssetsStore/BOXOPHOBIC/Skybox Cubemap Extended/Demo/Materials/LowPoly - FirTree.mat
  artifactKey: Guid(138b35dd321622a4d93635b532ae8b8e) Importer(815301076,1909f56bfc062723c751e8b465ee728b)
Start importing Assets/AssetsStore/BOXOPHOBIC/Skybox Cubemap Extended/Demo/Materials/LowPoly - FirTree.mat using Guid(138b35dd321622a4d93635b532ae8b8e) Importer(815301076,1909f56bfc062723c751e8b465ee728b)  -> (artifact id: '72088124d6b3ef89c3b50a5298abbb46') in 0.012554 seconds 
  Import took 0.017671 seconds .

========================================================================
Received Import Request.
  Time since last request: 0.000251 seconds.
  path: Assets/Materials/Occlusion.mat
  artifactKey: Guid(be3e4d2b9064fb34fad518a35acf04d8) Importer(815301076,1909f56bfc062723c751e8b465ee728b)
Start importing Assets/Materials/Occlusion.mat using Guid(be3e4d2b9064fb34fad518a35acf04d8) Importer(815301076,1909f56bfc062723c751e8b465ee728b)  -> (artifact id: 'd1cb9cdb5984080c543473f2c5b6c680') in 0.008453 seconds 
  Import took 0.013208 seconds .

========================================================================
Received Import Request.
  Time since last request: 0.000248 seconds.
  path: Assets/AssetsStore/BOXOPHOBIC/Skybox Cubemap Extended/Demo/Materials/LowPoly - Terrain.mat
  artifactKey: Guid(2557d3f1d341fdb4e9d53179c053ffd5) Importer(815301076,1909f56bfc062723c751e8b465ee728b)
Start importing Assets/AssetsStore/BOXOPHOBIC/Skybox Cubemap Extended/Demo/Materials/LowPoly - Terrain.mat using Guid(2557d3f1d341fdb4e9d53179c053ffd5) Importer(815301076,1909f56bfc062723c751e8b465ee728b)  -> (artifact id: '2fa8cde8fddb930c6462a8b79decbcd1') in 0.009560 seconds 
  Import took 0.014935 seconds .

========================================================================
Received Import Request.
  Time since last request: 0.000236 seconds.
  path: Assets/AssetsStore/BOXOPHOBIC/Skybox Cubemap Extended/Demo/Materials/LowPoly - Rock.mat
  artifactKey: Guid(37524ae4594222f4f8acd7b76234f79a) Importer(815301076,1909f56bfc062723c751e8b465ee728b)
Start importing Assets/AssetsStore/BOXOPHOBIC/Skybox Cubemap Extended/Demo/Materials/LowPoly - Rock.mat using Guid(37524ae4594222f4f8acd7b76234f79a) Importer(815301076,1909f56bfc062723c751e8b465ee728b)  -> (artifact id: '34707e6d22ba1fb9938f1c9232303c5d') in 0.009683 seconds 
  Import took 0.014716 seconds .

========================================================================
Received Import Request.
  Time since last request: 0.000252 seconds.
  path: Assets/AssetsStore/BOXOPHOBIC/Skybox Cubemap Extended/Demo/Materials/LowPoly - TreeTrunk.mat
  artifactKey: Guid(2a8f9a878cb7cff45b00339938d945ce) Importer(815301076,1909f56bfc062723c751e8b465ee728b)
Start importing Assets/AssetsStore/BOXOPHOBIC/Skybox Cubemap Extended/Demo/Materials/LowPoly - TreeTrunk.mat using Guid(2a8f9a878cb7cff45b00339938d945ce) Importer(815301076,1909f56bfc062723c751e8b465ee728b)  -> (artifact id: 'f55d84ed99ed1892058c5c4131125730') in 0.009317 seconds 
  Import took 0.014168 seconds .

========================================================================
Received Import Request.
  Time since last request: 0.000212 seconds.
  path: Assets/AssetsStore/BOXOPHOBIC/Skybox Cubemap Extended/Demo/Materials/LowPoly - Grass.mat
  artifactKey: Guid(6fc6652ed834922468cdd63bb95f7fe2) Importer(815301076,1909f56bfc062723c751e8b465ee728b)
Start importing Assets/AssetsStore/BOXOPHOBIC/Skybox Cubemap Extended/Demo/Materials/LowPoly - Grass.mat using Guid(6fc6652ed834922468cdd63bb95f7fe2) Importer(815301076,1909f56bfc062723c751e8b465ee728b)  -> (artifact id: '69281230f27a2b82410002b0a79bfc51') in 0.009636 seconds 
  Import took 0.014282 seconds .

========================================================================
Received Import Request.
  Time since last request: 0.000209 seconds.
  path: Assets/AssetsStore/BOXOPHOBIC/Skybox Cubemap Extended/Demo/Materials/LowPoly - FirTreeVariation.mat
  artifactKey: Guid(0f74119e82d3b3a4d9b2842dbaa2a6ee) Importer(815301076,1909f56bfc062723c751e8b465ee728b)
Start importing Assets/AssetsStore/BOXOPHOBIC/Skybox Cubemap Extended/Demo/Materials/LowPoly - FirTreeVariation.mat using Guid(0f74119e82d3b3a4d9b2842dbaa2a6ee) Importer(815301076,1909f56bfc062723c751e8b465ee728b)  -> (artifact id: '57768b0aaa9ceb4b0f0edb7547cbae45') in 0.009690 seconds 
  Import took 0.014088 seconds .

========================================================================
Received Import Request.
  Time since last request: 0.000224 seconds.
  path: Assets/AssetsStore/BOXOPHOBIC/Skybox Cubemap Extended/Demo/Materials/Skybox Cubemap Extended Day.mat
  artifactKey: Guid(2bd8959f5fbd3644aa33af1a155fc147) Importer(815301076,1909f56bfc062723c751e8b465ee728b)
Start importing Assets/AssetsStore/BOXOPHOBIC/Skybox Cubemap Extended/Demo/Materials/Skybox Cubemap Extended Day.mat using Guid(2bd8959f5fbd3644aa33af1a155fc147) Importer(815301076,1909f56bfc062723c751e8b465ee728b)  -> (artifact id: 'fb7dbe35f82c51fb6e39147b48b35dae') in 0.186493 seconds 
  Import took 0.194686 seconds .

========================================================================
Received Import Request.
  Time since last request: 0.000231 seconds.
  path: Assets/AssetsStore/BOXOPHOBIC/Skybox Cubemap Extended/Demo/Materials/LowPoly - Wood.mat
  artifactKey: Guid(ff059fc016fcf8d4a88162b27e334cba) Importer(815301076,1909f56bfc062723c751e8b465ee728b)
Start importing Assets/AssetsStore/BOXOPHOBIC/Skybox Cubemap Extended/Demo/Materials/LowPoly - Wood.mat using Guid(ff059fc016fcf8d4a88162b27e334cba) Importer(815301076,1909f56bfc062723c751e8b465ee728b)  -> (artifact id: '60a9b7bab99241edf396947a9ea53b0b') in 0.010042 seconds 
  Import took 0.015168 seconds .

========================================================================
Received Import Request.
  Time since last request: 0.000207 seconds.
  path: Assets/Addons/ProBuilderSample/ProBuilder/4.5.2/Universal Render Pipeline Support/Material/ProBuilder Default URP.mat
  artifactKey: Guid(25a9fb42d361f46ad89221f6d301e96e) Importer(815301076,1909f56bfc062723c751e8b465ee728b)
Start importing Assets/Addons/ProBuilderSample/ProBuilder/4.5.2/Universal Render Pipeline Support/Material/ProBuilder Default URP.mat using Guid(25a9fb42d361f46ad89221f6d301e96e) Importer(815301076,1909f56bfc062723c751e8b465ee728b)  -> (artifact id: 'a62fd68aa6ecdbabbedd49dab611b6a0') in 0.011653 seconds 
  Import took 0.016735 seconds .

========================================================================
Received Import Request.
  Time since last request: 41.186910 seconds.
  path: ProjectSettings/TagManager.asset
  artifactKey: Guid(00000000000000003000000000000000) Importer(815301076,1909f56bfc062723c751e8b465ee728b)
Start importing ProjectSettings/TagManager.asset using Guid(00000000000000003000000000000000) Importer(815301076,1909f56bfc062723c751e8b465ee728b)  -> (artifact id: '0deaca6b742ba98c15614db095991817') in 0.002495 seconds 
  Import took 0.007387 seconds .

========================================================================
Received Prepare
Registering precompiled user dll's ...
Registered in 0.006064 seconds.
Begin MonoManager ReloadAssembly
Native extension for WindowsStandalone target not found
Refreshing native plugins compatible for Editor in 0.70 ms, found 2 plugins.
Preloading 0 native plugins for Editor in 0.00 ms.
Mono: successfully reloaded assembly
- Completed reload, in  1.000 seconds
Domain Reload Profiling:
	ReloadAssembly (1001ms)
		BeginReloadAssembly (146ms)
			ExecutionOrderSort (0ms)
			DisableScriptedObjects (5ms)
			BackupInstance (0ms)
			ReleaseScriptingObjects (0ms)
			CreateAndSetChildDomain (40ms)
		EndReloadAssembly (805ms)
			LoadAssemblies (105ms)
			RebuildTransferFunctionScriptingTraits (0ms)
			SetupTypeCache (270ms)
			ReleaseScriptCaches (1ms)
			RebuildScriptCaches (38ms)
			SetupLoadedEditorAssemblies (297ms)
				LogAssemblyErrors (0ms)
				InitializePlatformSupportModulesInManaged (5ms)
				SetLoadedEditorAssemblies (1ms)
				RefreshPlugins (1ms)
				BeforeProcessingInitializeOnLoad (78ms)
				ProcessInitializeOnLoadAttributes (202ms)
				ProcessInitializeOnLoadMethodAttributes (8ms)
				AfterProcessingInitializeOnLoad (2ms)
				EditorAssembliesLoaded (0ms)
			ExecutionOrderSort2 (0ms)
			AwakeInstancesAfterBackupRestoration (17ms)
Platform modules already initialized, skipping
Refreshing native plugins compatible for Editor in 0.65 ms, found 2 plugins.
Preloading 0 native plugins for Editor in 0.00 ms.
Unloading 3348 Unused Serialized files (Serialized files now loaded: 0)
System memory in use before: 152.3 MB.
System memory in use after: 152.5 MB.

Unloading 18 unused Assets to reduce memory usage. Loaded Objects now: 4008.
Total: 3.491900 ms (FindLiveObjects: 0.274600 ms CreateObjectMapping: 0.162900 ms MarkObjects: 2.968300 ms  DeleteObjects: 0.085100 ms)

AssetImportParameters requested are different than current active one (requested -> active):
  custom:framework-win-MediaFoundation: 216162199b28c13a410421893ffa2e32 -> 
  custom:video-decoder-ogg-theora: a1e56fd34408186e4bbccfd4996cb3dc -> 
  custom:container-muxer-webm: aa71ff27fc2769a1b78a27578f13a17b -> 
  custom:container-demuxer-webm: 4f35f7cbe854078d1ac9338744f61a02 -> 
  custom:container-demuxer-ogg: 62fdf1f143b41e24485cea50d1cbac27 -> 
  custom:video-encoder-webm-vp8: eb34c28f22e8b96e1ab97ce403110664 -> 
  custom:video-codec-MediaFoundation-h265: 746d11721c4dcdbdad8f713fa42b33f4 -> 
  custom:video-decoder-webm-vp8: 9c59270c3fd7afecdb556c50c9e8de78 -> 
  custom:audio-decoder-ogg-vorbis: bf7c407c2cedff20999df2af8eb42d56 -> 
  custom:audio-encoder-webm-vorbis: bf7c407c2cedff20999df2af8eb42d56 -> 
========================================================================
Received Import Request.
  Time since last request: 64.760758 seconds.
  path: Assets/PipeLineSettings/UniversalRenderPipelineAsset_Renderer.asset
  artifactKey: Guid(f434888d331d47846bf4a0a537b96526) Importer(815301076,1909f56bfc062723c751e8b465ee728b)
Start importing Assets/PipeLineSettings/UniversalRenderPipelineAsset_Renderer.asset using Guid(f434888d331d47846bf4a0a537b96526) Importer(815301076,1909f56bfc062723c751e8b465ee728b)  -> (artifact id: '17773891cdf0c1477f7f2d246a598a75') in 0.025796 seconds 
  Import took 0.031008 seconds .

========================================================================
Received Prepare
Registering precompiled user dll's ...
Registered in 0.004823 seconds.
Begin MonoManager ReloadAssembly
Native extension for WindowsStandalone target not found
Refreshing native plugins compatible for Editor in 1.77 ms, found 2 plugins.
Preloading 0 native plugins for Editor in 0.00 ms.
Mono: successfully reloaded assembly
- Completed reload, in  1.002 seconds
Domain Reload Profiling:
	ReloadAssembly (1003ms)
		BeginReloadAssembly (127ms)
			ExecutionOrderSort (0ms)
			DisableScriptedObjects (4ms)
			BackupInstance (0ms)
			ReleaseScriptingObjects (0ms)
			CreateAndSetChildDomain (37ms)
		EndReloadAssembly (829ms)
			LoadAssemblies (106ms)
			RebuildTransferFunctionScriptingTraits (0ms)
			SetupTypeCache (278ms)
			ReleaseScriptCaches (1ms)
			RebuildScriptCaches (39ms)
			SetupLoadedEditorAssemblies (311ms)
				LogAssemblyErrors (0ms)
				InitializePlatformSupportModulesInManaged (4ms)
				SetLoadedEditorAssemblies (1ms)
				RefreshPlugins (2ms)
				BeforeProcessingInitializeOnLoad (87ms)
				ProcessInitializeOnLoadAttributes (206ms)
				ProcessInitializeOnLoadMethodAttributes (9ms)
				AfterProcessingInitializeOnLoad (2ms)
				EditorAssembliesLoaded (0ms)
			ExecutionOrderSort2 (0ms)
			AwakeInstancesAfterBackupRestoration (14ms)
Platform modules already initialized, skipping
Refreshing native plugins compatible for Editor in 0.70 ms, found 2 plugins.
Preloading 0 native plugins for Editor in 0.00 ms.
Unloading 3348 Unused Serialized files (Serialized files now loaded: 0)
System memory in use before: 152.4 MB.
System memory in use after: 152.6 MB.

Unloading 17 unused Assets to reduce memory usage. Loaded Objects now: 4010.
Total: 4.137400 ms (FindLiveObjects: 0.317000 ms CreateObjectMapping: 0.200800 ms MarkObjects: 3.482600 ms  DeleteObjects: 0.135100 ms)

AssetImportParameters requested are different than current active one (requested -> active):
  custom:framework-win-MediaFoundation: 216162199b28c13a410421893ffa2e32 -> 
  custom:video-decoder-ogg-theora: a1e56fd34408186e4bbccfd4996cb3dc -> 
  custom:container-muxer-webm: aa71ff27fc2769a1b78a27578f13a17b -> 
  custom:container-demuxer-webm: 4f35f7cbe854078d1ac9338744f61a02 -> 
  custom:container-demuxer-ogg: 62fdf1f143b41e24485cea50d1cbac27 -> 
  custom:video-encoder-webm-vp8: eb34c28f22e8b96e1ab97ce403110664 -> 
  custom:video-codec-MediaFoundation-h265: 746d11721c4dcdbdad8f713fa42b33f4 -> 
  custom:video-decoder-webm-vp8: 9c59270c3fd7afecdb556c50c9e8de78 -> 
  custom:audio-decoder-ogg-vorbis: bf7c407c2cedff20999df2af8eb42d56 -> 
  custom:audio-encoder-webm-vorbis: bf7c407c2cedff20999df2af8eb42d56 -> 
========================================================================
Received Import Request.
  Time since last request: 29.385687 seconds.
  path: Assets/PipeLineSettings/UniversalRenderPipelineAsset_Renderer.asset
  artifactKey: Guid(f434888d331d47846bf4a0a537b96526) Importer(815301076,1909f56bfc062723c751e8b465ee728b)
Start importing Assets/PipeLineSettings/UniversalRenderPipelineAsset_Renderer.asset using Guid(f434888d331d47846bf4a0a537b96526) Importer(815301076,1909f56bfc062723c751e8b465ee728b)  -> (artifact id: 'd9c6853b43daafe23ec14a92e4250989') in 0.023922 seconds 
  Import took 0.030620 seconds .

========================================================================
Received Prepare
Registering precompiled user dll's ...
Registered in 0.005621 seconds.
Begin MonoManager ReloadAssembly
Native extension for WindowsStandalone target not found
Refreshing native plugins compatible for Editor in 0.70 ms, found 2 plugins.
Preloading 0 native plugins for Editor in 0.00 ms.
Mono: successfully reloaded assembly
- Completed reload, in  0.987 seconds
Domain Reload Profiling:
	ReloadAssembly (987ms)
		BeginReloadAssembly (131ms)
			ExecutionOrderSort (0ms)
			DisableScriptedObjects (4ms)
			BackupInstance (0ms)
			ReleaseScriptingObjects (0ms)
			CreateAndSetChildDomain (38ms)
		EndReloadAssembly (809ms)
			LoadAssemblies (115ms)
			RebuildTransferFunctionScriptingTraits (0ms)
			SetupTypeCache (262ms)
			ReleaseScriptCaches (1ms)
			RebuildScriptCaches (37ms)
			SetupLoadedEditorAssemblies (300ms)
				LogAssemblyErrors (0ms)
				InitializePlatformSupportModulesInManaged (4ms)
				SetLoadedEditorAssemblies (0ms)
				RefreshPlugins (1ms)
				BeforeProcessingInitializeOnLoad (84ms)
				ProcessInitializeOnLoadAttributes (201ms)
				ProcessInitializeOnLoadMethodAttributes (8ms)
				AfterProcessingInitializeOnLoad (2ms)
				EditorAssembliesLoaded (0ms)
			ExecutionOrderSort2 (0ms)
			AwakeInstancesAfterBackupRestoration (15ms)
Platform modules already initialized, skipping
Refreshing native plugins compatible for Editor in 0.67 ms, found 2 plugins.
Preloading 0 native plugins for Editor in 0.00 ms.
Unloading 3348 Unused Serialized files (Serialized files now loaded: 0)
System memory in use before: 152.4 MB.
System memory in use after: 152.6 MB.

Unloading 17 unused Assets to reduce memory usage. Loaded Objects now: 4012.
Total: 4.406800 ms (FindLiveObjects: 0.305300 ms CreateObjectMapping: 0.226800 ms MarkObjects: 3.685500 ms  DeleteObjects: 0.187800 ms)

AssetImportParameters requested are different than current active one (requested -> active):
  custom:framework-win-MediaFoundation: 216162199b28c13a410421893ffa2e32 -> 
  custom:video-decoder-ogg-theora: a1e56fd34408186e4bbccfd4996cb3dc -> 
  custom:container-muxer-webm: aa71ff27fc2769a1b78a27578f13a17b -> 
  custom:container-demuxer-webm: 4f35f7cbe854078d1ac9338744f61a02 -> 
  custom:container-demuxer-ogg: 62fdf1f143b41e24485cea50d1cbac27 -> 
  custom:video-encoder-webm-vp8: eb34c28f22e8b96e1ab97ce403110664 -> 
  custom:video-codec-MediaFoundation-h265: 746d11721c4dcdbdad8f713fa42b33f4 -> 
  custom:video-decoder-webm-vp8: 9c59270c3fd7afecdb556c50c9e8de78 -> 
  custom:audio-decoder-ogg-vorbis: bf7c407c2cedff20999df2af8eb42d56 -> 
  custom:audio-encoder-webm-vorbis: bf7c407c2cedff20999df2af8eb42d56 -> 
========================================================================
Received Import Request.
  Time since last request: 390.529804 seconds.
  path: Assets/RPG Monster Duo PBR Polyart/Promotion.jpg
  artifactKey: Guid(2a5a5f4f146cce3499cfcc7ee45b9b1a) Importer(815301076,1909f56bfc062723c751e8b465ee728b)
Start importing Assets/RPG Monster Duo PBR Polyart/Promotion.jpg using Guid(2a5a5f4f146cce3499cfcc7ee45b9b1a) Importer(815301076,1909f56bfc062723c751e8b465ee728b)  -> (artifact id: 'b27fd2da575e113d1c9ac861504f1cd7') in 0.051188 seconds 
  Import took 0.056577 seconds .

========================================================================
Received Import Request.
  Time since last request: 8.593845 seconds.
  path: Assets/AssetsStore/RPG Monster Duo PBR Polyart/Prefabs
  artifactKey: Guid(8127742742335384f97472bb26841d4c) Importer(815301076,1909f56bfc062723c751e8b465ee728b)
Start importing Assets/AssetsStore/RPG Monster Duo PBR Polyart/Prefabs using Guid(8127742742335384f97472bb26841d4c) Importer(815301076,1909f56bfc062723c751e8b465ee728b)  -> (artifact id: 'b4610f5b80338e2078f4b0833a707eda') in 0.002142 seconds 
  Import took 0.007312 seconds .

========================================================================
Received Import Request.
  Time since last request: 1.938945 seconds.
  path: Assets/AssetsStore/RPG Monster Duo PBR Polyart/Prefabs/Slime.prefab
  artifactKey: Guid(a817c29ea6847604bb2c6c51d9a74bf1) Importer(815301076,1909f56bfc062723c751e8b465ee728b)
Start importing Assets/AssetsStore/RPG Monster Duo PBR Polyart/Prefabs/Slime.prefab using Guid(a817c29ea6847604bb2c6c51d9a74bf1) Importer(815301076,1909f56bfc062723c751e8b465ee728b)  -> (artifact id: '4d79264caa3c0f89e06dd79cd06d1103') in 0.138450 seconds 
  Import took 0.144120 seconds .

========================================================================
Received Import Request.
  Time since last request: 0.000269 seconds.
  path: Assets/AssetsStore/RPG Monster Duo PBR Polyart/Prefabs/TurtleShellPBR.prefab
  artifactKey: Guid(38efdaadbfe1d624bbee439cb02e7661) Importer(815301076,1909f56bfc062723c751e8b465ee728b)
Start importing Assets/AssetsStore/RPG Monster Duo PBR Polyart/Prefabs/TurtleShellPBR.prefab using Guid(38efdaadbfe1d624bbee439cb02e7661) Importer(815301076,1909f56bfc062723c751e8b465ee728b)  -> (artifact id: '34a7f9ca77f2685d5f56e25464d179e4') in 0.025466 seconds 
  Import took 0.031657 seconds .

========================================================================
Received Import Request.
  Time since last request: 0.000218 seconds.
  path: Assets/AssetsStore/RPG Monster Duo PBR Polyart/Prefabs/SlimePBR.prefab
  artifactKey: Guid(55776efecb0cd134ea5f418c2f97a705) Importer(815301076,1909f56bfc062723c751e8b465ee728b)
Start importing Assets/AssetsStore/RPG Monster Duo PBR Polyart/Prefabs/SlimePBR.prefab using Guid(55776efecb0cd134ea5f418c2f97a705) Importer(815301076,1909f56bfc062723c751e8b465ee728b)  -> (artifact id: 'dbad35658f16f72b01378da67c52262b') in 0.019434 seconds 
  Import took 0.024890 seconds .

========================================================================
Received Import Request.
  Time since last request: 0.000220 seconds.
  path: Assets/AssetsStore/RPG Monster Duo PBR Polyart/Prefabs/TurtleShell.prefab
  artifactKey: Guid(3aec22b5d3f3c2947bb81040b56e5f96) Importer(815301076,1909f56bfc062723c751e8b465ee728b)
Start importing Assets/AssetsStore/RPG Monster Duo PBR Polyart/Prefabs/TurtleShell.prefab using Guid(3aec22b5d3f3c2947bb81040b56e5f96) Importer(815301076,1909f56bfc062723c751e8b465ee728b)  -> (artifact id: '4048ab401062a7e5e731299e43c131d2') in 0.020972 seconds 
  Import took 0.027032 seconds .

========================================================================
Received Import Request.
  Time since last request: 115.581199 seconds.
  path: Assets/Scripts/Characters/EnemyController.cs
  artifactKey: Guid(b80910bbb66054c4b8d35aedd24b1ab8) Importer(815301076,1909f56bfc062723c751e8b465ee728b)
Start importing Assets/Scripts/Characters/EnemyController.cs using Guid(b80910bbb66054c4b8d35aedd24b1ab8) Importer(815301076,1909f56bfc062723c751e8b465ee728b)  -> (artifact id: '87a00fb8dcf79e0099b9937cdb4f22dd') in 0.006011 seconds 
  Import took 0.011460 seconds .

========================================================================
Received Prepare
Registering precompiled user dll's ...
Registered in 0.005010 seconds.
Begin MonoManager ReloadAssembly
Native extension for WindowsStandalone target not found
Refreshing native plugins compatible for Editor in 0.67 ms, found 2 plugins.
Preloading 0 native plugins for Editor in 0.00 ms.
Mono: successfully reloaded assembly
- Completed reload, in  1.081 seconds
Domain Reload Profiling:
	ReloadAssembly (1081ms)
		BeginReloadAssembly (148ms)
			ExecutionOrderSort (0ms)
			DisableScriptedObjects (5ms)
			BackupInstance (0ms)
			ReleaseScriptingObjects (0ms)
			CreateAndSetChildDomain (44ms)
		EndReloadAssembly (877ms)
			LoadAssemblies (114ms)
			RebuildTransferFunctionScriptingTraits (0ms)
			SetupTypeCache (299ms)
			ReleaseScriptCaches (2ms)
			RebuildScriptCaches (44ms)
			SetupLoadedEditorAssemblies (310ms)
				LogAssemblyErrors (0ms)
				InitializePlatformSupportModulesInManaged (3ms)
				SetLoadedEditorAssemblies (0ms)
				RefreshPlugins (1ms)
				BeforeProcessingInitializeOnLoad (90ms)
				ProcessInitializeOnLoadAttributes (205ms)
				ProcessInitializeOnLoadMethodAttributes (8ms)
				AfterProcessingInitializeOnLoad (2ms)
				EditorAssembliesLoaded (0ms)
			ExecutionOrderSort2 (0ms)
			AwakeInstancesAfterBackupRestoration (14ms)
Platform modules already initialized, skipping
Refreshing native plugins compatible for Editor in 0.66 ms, found 2 plugins.
Preloading 0 native plugins for Editor in 0.00 ms.
Unloading 3349 Unused Serialized files (Serialized files now loaded: 0)
System memory in use before: 166.1 MB.
System memory in use after: 166.2 MB.

Unloading 17 unused Assets to reduce memory usage. Loaded Objects now: 4054.
Total: 3.762500 ms (FindLiveObjects: 0.324800 ms CreateObjectMapping: 0.206200 ms MarkObjects: 3.138800 ms  DeleteObjects: 0.091300 ms)

AssetImportParameters requested are different than current active one (requested -> active):
  custom:framework-win-MediaFoundation: 216162199b28c13a410421893ffa2e32 -> 
  custom:video-decoder-ogg-theora: a1e56fd34408186e4bbccfd4996cb3dc -> 
  custom:container-muxer-webm: aa71ff27fc2769a1b78a27578f13a17b -> 
  custom:container-demuxer-webm: 4f35f7cbe854078d1ac9338744f61a02 -> 
  custom:container-demuxer-ogg: 62fdf1f143b41e24485cea50d1cbac27 -> 
  custom:video-encoder-webm-vp8: eb34c28f22e8b96e1ab97ce403110664 -> 
  custom:video-codec-MediaFoundation-h265: 746d11721c4dcdbdad8f713fa42b33f4 -> 
  custom:video-decoder-webm-vp8: 9c59270c3fd7afecdb556c50c9e8de78 -> 
  custom:audio-decoder-ogg-vorbis: bf7c407c2cedff20999df2af8eb42d56 -> 
  custom:audio-encoder-webm-vorbis: bf7c407c2cedff20999df2af8eb42d56 -> 
========================================================================
Received Import Request.
  Time since last request: 133.478385 seconds.
  path: Assets/Scripts/Characters/EnemyController.cs
  artifactKey: Guid(b80910bbb66054c4b8d35aedd24b1ab8) Importer(815301076,1909f56bfc062723c751e8b465ee728b)
Start importing Assets/Scripts/Characters/EnemyController.cs using Guid(b80910bbb66054c4b8d35aedd24b1ab8) Importer(815301076,1909f56bfc062723c751e8b465ee728b)  -> (artifact id: 'd0ced7a252b9556fdb266057362029a6') in 0.007441 seconds 
  Import took 0.014813 seconds .

========================================================================
Received Prepare
Registering precompiled user dll's ...
Registered in 0.004271 seconds.
Begin MonoManager ReloadAssembly
Native extension for WindowsStandalone target not found
Refreshing native plugins compatible for Editor in 0.89 ms, found 2 plugins.
Preloading 0 native plugins for Editor in 0.00 ms.
Mono: successfully reloaded assembly
- Completed reload, in  1.006 seconds
Domain Reload Profiling:
	ReloadAssembly (1006ms)
		BeginReloadAssembly (124ms)
			ExecutionOrderSort (0ms)
			DisableScriptedObjects (4ms)
			BackupInstance (0ms)
			ReleaseScriptingObjects (0ms)
			CreateAndSetChildDomain (34ms)
		EndReloadAssembly (831ms)
			LoadAssemblies (110ms)
			RebuildTransferFunctionScriptingTraits (0ms)
			SetupTypeCache (272ms)
			ReleaseScriptCaches (1ms)
			RebuildScriptCaches (39ms)
			SetupLoadedEditorAssemblies (306ms)
				LogAssemblyErrors (0ms)
				InitializePlatformSupportModulesInManaged (3ms)
				SetLoadedEditorAssemblies (0ms)
				RefreshPlugins (1ms)
				BeforeProcessingInitializeOnLoad (78ms)
				ProcessInitializeOnLoadAttributes (212ms)
				ProcessInitializeOnLoadMethodAttributes (9ms)
				AfterProcessingInitializeOnLoad (2ms)
				EditorAssembliesLoaded (0ms)
			ExecutionOrderSort2 (0ms)
			AwakeInstancesAfterBackupRestoration (16ms)
Platform modules already initialized, skipping
Refreshing native plugins compatible for Editor in 0.69 ms, found 2 plugins.
Preloading 0 native plugins for Editor in 0.00 ms.
Unloading 3349 Unused Serialized files (Serialized files now loaded: 0)
System memory in use before: 166.1 MB.
System memory in use after: 166.3 MB.

Unloading 17 unused Assets to reduce memory usage. Loaded Objects now: 4056.
Total: 3.537400 ms (FindLiveObjects: 0.294600 ms CreateObjectMapping: 0.170900 ms MarkObjects: 2.976800 ms  DeleteObjects: 0.094200 ms)

AssetImportParameters requested are different than current active one (requested -> active):
  custom:framework-win-MediaFoundation: 216162199b28c13a410421893ffa2e32 -> 
  custom:video-decoder-ogg-theora: a1e56fd34408186e4bbccfd4996cb3dc -> 
  custom:container-muxer-webm: aa71ff27fc2769a1b78a27578f13a17b -> 
  custom:container-demuxer-webm: 4f35f7cbe854078d1ac9338744f61a02 -> 
  custom:container-demuxer-ogg: 62fdf1f143b41e24485cea50d1cbac27 -> 
  custom:video-encoder-webm-vp8: eb34c28f22e8b96e1ab97ce403110664 -> 
  custom:video-codec-MediaFoundation-h265: 746d11721c4dcdbdad8f713fa42b33f4 -> 
  custom:video-decoder-webm-vp8: 9c59270c3fd7afecdb556c50c9e8de78 -> 
  custom:audio-decoder-ogg-vorbis: bf7c407c2cedff20999df2af8eb42d56 -> 
  custom:audio-encoder-webm-vorbis: bf7c407c2cedff20999df2af8eb42d56 -> 
========================================================================
Received Prepare
Registering precompiled user dll's ...
Registered in 0.004599 seconds.
Begin MonoManager ReloadAssembly
Native extension for WindowsStandalone target not found
Refreshing native plugins compatible for Editor in 0.68 ms, found 2 plugins.
Preloading 0 native plugins for Editor in 0.00 ms.
Mono: successfully reloaded assembly
- Completed reload, in  1.006 seconds
Domain Reload Profiling:
	ReloadAssembly (1006ms)
		BeginReloadAssembly (132ms)
			ExecutionOrderSort (0ms)
			DisableScriptedObjects (6ms)
			BackupInstance (0ms)
			ReleaseScriptingObjects (0ms)
			CreateAndSetChildDomain (34ms)
		EndReloadAssembly (821ms)
			LoadAssemblies (110ms)
			RebuildTransferFunctionScriptingTraits (0ms)
			SetupTypeCache (277ms)
			ReleaseScriptCaches (1ms)
			RebuildScriptCaches (39ms)
			SetupLoadedEditorAssemblies (298ms)
				LogAssemblyErrors (0ms)
				InitializePlatformSupportModulesInManaged (3ms)
				SetLoadedEditorAssemblies (0ms)
				RefreshPlugins (1ms)
				BeforeProcessingInitializeOnLoad (77ms)
				ProcessInitializeOnLoadAttributes (206ms)
				ProcessInitializeOnLoadMethodAttributes (8ms)
				AfterProcessingInitializeOnLoad (2ms)
				EditorAssembliesLoaded (0ms)
			ExecutionOrderSort2 (0ms)
			AwakeInstancesAfterBackupRestoration (14ms)
Platform modules already initialized, skipping
Refreshing native plugins compatible for Editor in 0.67 ms, found 2 plugins.
Preloading 0 native plugins for Editor in 0.00 ms.
Unloading 3349 Unused Serialized files (Serialized files now loaded: 0)
System memory in use before: 166.1 MB.
System memory in use after: 166.3 MB.

Unloading 17 unused Assets to reduce memory usage. Loaded Objects now: 4058.
Total: 3.554000 ms (FindLiveObjects: 0.300200 ms CreateObjectMapping: 0.170200 ms MarkObjects: 2.986900 ms  DeleteObjects: 0.095600 ms)

AssetImportParameters requested are different than current active one (requested -> active):
  custom:framework-win-MediaFoundation: 216162199b28c13a410421893ffa2e32 -> 
  custom:video-decoder-ogg-theora: a1e56fd34408186e4bbccfd4996cb3dc -> 
  custom:container-muxer-webm: aa71ff27fc2769a1b78a27578f13a17b -> 
  custom:container-demuxer-webm: 4f35f7cbe854078d1ac9338744f61a02 -> 
  custom:container-demuxer-ogg: 62fdf1f143b41e24485cea50d1cbac27 -> 
  custom:video-encoder-webm-vp8: eb34c28f22e8b96e1ab97ce403110664 -> 
  custom:video-codec-MediaFoundation-h265: 746d11721c4dcdbdad8f713fa42b33f4 -> 
  custom:video-decoder-webm-vp8: 9c59270c3fd7afecdb556c50c9e8de78 -> 
  custom:audio-decoder-ogg-vorbis: bf7c407c2cedff20999df2af8eb42d56 -> 
  custom:audio-encoder-webm-vorbis: bf7c407c2cedff20999df2af8eb42d56 -> 
========================================================================
Received Prepare
Registering precompiled user dll's ...
Registered in 0.004517 seconds.
Begin MonoManager ReloadAssembly
Native extension for WindowsStandalone target not found
Refreshing native plugins compatible for Editor in 0.66 ms, found 2 plugins.
Preloading 0 native plugins for Editor in 0.00 ms.
Mono: successfully reloaded assembly
- Completed reload, in  0.870 seconds
Domain Reload Profiling:
	ReloadAssembly (871ms)
		BeginReloadAssembly (118ms)
			ExecutionOrderSort (0ms)
			DisableScriptedObjects (4ms)
			BackupInstance (0ms)
			ReleaseScriptingObjects (0ms)
			CreateAndSetChildDomain (32ms)
		EndReloadAssembly (708ms)
			LoadAssemblies (98ms)
			RebuildTransferFunctionScriptingTraits (0ms)
			SetupTypeCache (234ms)
			ReleaseScriptCaches (1ms)
			RebuildScriptCaches (34ms)
			SetupLoadedEditorAssemblies (260ms)
				LogAssemblyErrors (0ms)
				InitializePlatformSupportModulesInManaged (3ms)
				SetLoadedEditorAssemblies (0ms)
				RefreshPlugins (1ms)
				BeforeProcessingInitializeOnLoad (69ms)
				ProcessInitializeOnLoadAttributes (176ms)
				ProcessInitializeOnLoadMethodAttributes (8ms)
				AfterProcessingInitializeOnLoad (2ms)
				EditorAssembliesLoaded (0ms)
			ExecutionOrderSort2 (0ms)
			AwakeInstancesAfterBackupRestoration (12ms)
Platform modules already initialized, skipping
Refreshing native plugins compatible for Editor in 0.65 ms, found 2 plugins.
Preloading 0 native plugins for Editor in 0.00 ms.
Unloading 3349 Unused Serialized files (Serialized files now loaded: 0)
System memory in use before: 166.1 MB.
System memory in use after: 166.3 MB.

Unloading 17 unused Assets to reduce memory usage. Loaded Objects now: 4060.
Total: 3.686700 ms (FindLiveObjects: 0.298300 ms CreateObjectMapping: 0.172300 ms MarkObjects: 3.113200 ms  DeleteObjects: 0.101900 ms)

AssetImportParameters requested are different than current active one (requested -> active):
  custom:framework-win-MediaFoundation: 216162199b28c13a410421893ffa2e32 -> 
  custom:video-decoder-ogg-theora: a1e56fd34408186e4bbccfd4996cb3dc -> 
  custom:container-muxer-webm: aa71ff27fc2769a1b78a27578f13a17b -> 
  custom:container-demuxer-webm: 4f35f7cbe854078d1ac9338744f61a02 -> 
  custom:container-demuxer-ogg: 62fdf1f143b41e24485cea50d1cbac27 -> 
  custom:video-encoder-webm-vp8: eb34c28f22e8b96e1ab97ce403110664 -> 
  custom:video-codec-MediaFoundation-h265: 746d11721c4dcdbdad8f713fa42b33f4 -> 
  custom:video-decoder-webm-vp8: 9c59270c3fd7afecdb556c50c9e8de78 -> 
  custom:audio-decoder-ogg-vorbis: bf7c407c2cedff20999df2af8eb42d56 -> 
  custom:audio-encoder-webm-vorbis: bf7c407c2cedff20999df2af8eb42d56 -> 
========================================================================
Received Import Request.
  Time since last request: 580.169376 seconds.
  path: ProjectSettings/TagManager.asset
  artifactKey: Guid(00000000000000003000000000000000) Importer(815301076,1909f56bfc062723c751e8b465ee728b)
Start importing ProjectSettings/TagManager.asset using Guid(00000000000000003000000000000000) Importer(815301076,1909f56bfc062723c751e8b465ee728b)  -> (artifact id: '872d62006e228b072fc74aa9061e2a42') in 0.040465 seconds 
  Import took 0.045426 seconds .

========================================================================
Received Prepare
Registering precompiled user dll's ...
Registered in 0.004492 seconds.
Begin MonoManager ReloadAssembly
Native extension for WindowsStandalone target not found
Refreshing native plugins compatible for Editor in 0.64 ms, found 2 plugins.
Preloading 0 native plugins for Editor in 0.00 ms.
Mono: successfully reloaded assembly
- Completed reload, in  0.957 seconds
Domain Reload Profiling:
	ReloadAssembly (957ms)
		BeginReloadAssembly (124ms)
			ExecutionOrderSort (0ms)
			DisableScriptedObjects (5ms)
			BackupInstance (0ms)
			ReleaseScriptingObjects (0ms)
			CreateAndSetChildDomain (35ms)
		EndReloadAssembly (789ms)
			LoadAssemblies (108ms)
			RebuildTransferFunctionScriptingTraits (0ms)
			SetupTypeCache (267ms)
			ReleaseScriptCaches (1ms)
			RebuildScriptCaches (49ms)
			SetupLoadedEditorAssemblies (273ms)
				LogAssemblyErrors (0ms)
				InitializePlatformSupportModulesInManaged (3ms)
				SetLoadedEditorAssemblies (1ms)
				RefreshPlugins (1ms)
				BeforeProcessingInitializeOnLoad (78ms)
				ProcessInitializeOnLoadAttributes (180ms)
				ProcessInitializeOnLoadMethodAttributes (8ms)
				AfterProcessingInitializeOnLoad (2ms)
				EditorAssembliesLoaded (0ms)
			ExecutionOrderSort2 (0ms)
			AwakeInstancesAfterBackupRestoration (12ms)
Platform modules already initialized, skipping
Refreshing native plugins compatible for Editor in 1.14 ms, found 2 plugins.
Preloading 0 native plugins for Editor in 0.00 ms.
Unloading 3349 Unused Serialized files (Serialized files now loaded: 0)
System memory in use before: 166.1 MB.
System memory in use after: 166.3 MB.

Unloading 18 unused Assets to reduce memory usage. Loaded Objects now: 4062.
Total: 3.687000 ms (FindLiveObjects: 0.302700 ms CreateObjectMapping: 0.179000 ms MarkObjects: 3.110900 ms  DeleteObjects: 0.093500 ms)

AssetImportParameters requested are different than current active one (requested -> active):
  custom:framework-win-MediaFoundation: 216162199b28c13a410421893ffa2e32 -> 
  custom:video-decoder-ogg-theora: a1e56fd34408186e4bbccfd4996cb3dc -> 
  custom:container-muxer-webm: aa71ff27fc2769a1b78a27578f13a17b -> 
  custom:container-demuxer-webm: 4f35f7cbe854078d1ac9338744f61a02 -> 
  custom:container-demuxer-ogg: 62fdf1f143b41e24485cea50d1cbac27 -> 
  custom:video-encoder-webm-vp8: eb34c28f22e8b96e1ab97ce403110664 -> 
  custom:video-codec-MediaFoundation-h265: 746d11721c4dcdbdad8f713fa42b33f4 -> 
  custom:video-decoder-webm-vp8: 9c59270c3fd7afecdb556c50c9e8de78 -> 
  custom:audio-decoder-ogg-vorbis: bf7c407c2cedff20999df2af8eb42d56 -> 
  custom:audio-encoder-webm-vorbis: bf7c407c2cedff20999df2af8eb42d56 -> 
========================================================================
Received Prepare
Registering precompiled user dll's ...
Registered in 0.004283 seconds.
Begin MonoManager ReloadAssembly
Native extension for WindowsStandalone target not found
Refreshing native plugins compatible for Editor in 0.74 ms, found 2 plugins.
Preloading 0 native plugins for Editor in 0.00 ms.
Mono: successfully reloaded assembly
- Completed reload, in  0.949 seconds
Domain Reload Profiling:
	ReloadAssembly (949ms)
		BeginReloadAssembly (125ms)
			ExecutionOrderSort (0ms)
			DisableScriptedObjects (4ms)
			BackupInstance (0ms)
			ReleaseScriptingObjects (0ms)
			CreateAndSetChildDomain (32ms)
		EndReloadAssembly (780ms)
			LoadAssemblies (97ms)
			RebuildTransferFunctionScriptingTraits (0ms)
			SetupTypeCache (257ms)
			ReleaseScriptCaches (1ms)
			RebuildScriptCaches (38ms)
			SetupLoadedEditorAssemblies (289ms)
				LogAssemblyErrors (0ms)
				InitializePlatformSupportModulesInManaged (3ms)
				SetLoadedEditorAssemblies (0ms)
				RefreshPlugins (1ms)
				BeforeProcessingInitializeOnLoad (78ms)
				ProcessInitializeOnLoadAttributes (196ms)
				ProcessInitializeOnLoadMethodAttributes (9ms)
				AfterProcessingInitializeOnLoad (2ms)
				EditorAssembliesLoaded (0ms)
			ExecutionOrderSort2 (0ms)
			AwakeInstancesAfterBackupRestoration (16ms)
Platform modules already initialized, skipping
Refreshing native plugins compatible for Editor in 0.74 ms, found 2 plugins.
Preloading 0 native plugins for Editor in 0.00 ms.
Unloading 3349 Unused Serialized files (Serialized files now loaded: 0)
System memory in use before: 166.1 MB.
System memory in use after: 166.3 MB.

Unloading 17 unused Assets to reduce memory usage. Loaded Objects now: 4064.
Total: 3.855400 ms (FindLiveObjects: 0.319800 ms CreateObjectMapping: 0.199700 ms MarkObjects: 3.236400 ms  DeleteObjects: 0.098300 ms)

AssetImportParameters requested are different than current active one (requested -> active):
  custom:framework-win-MediaFoundation: 216162199b28c13a410421893ffa2e32 -> 
  custom:video-decoder-ogg-theora: a1e56fd34408186e4bbccfd4996cb3dc -> 
  custom:container-muxer-webm: aa71ff27fc2769a1b78a27578f13a17b -> 
  custom:container-demuxer-webm: 4f35f7cbe854078d1ac9338744f61a02 -> 
  custom:container-demuxer-ogg: 62fdf1f143b41e24485cea50d1cbac27 -> 
  custom:video-encoder-webm-vp8: eb34c28f22e8b96e1ab97ce403110664 -> 
  custom:video-codec-MediaFoundation-h265: 746d11721c4dcdbdad8f713fa42b33f4 -> 
  custom:video-decoder-webm-vp8: 9c59270c3fd7afecdb556c50c9e8de78 -> 
  custom:audio-decoder-ogg-vorbis: bf7c407c2cedff20999df2af8eb42d56 -> 
  custom:audio-encoder-webm-vorbis: bf7c407c2cedff20999df2af8eb42d56 -> 
========================================================================
Received Prepare
Registering precompiled user dll's ...
Registered in 0.005503 seconds.
Begin MonoManager ReloadAssembly
Native extension for WindowsStandalone target not found
Refreshing native plugins compatible for Editor in 0.75 ms, found 2 plugins.
Preloading 0 native plugins for Editor in 0.00 ms.
Mono: successfully reloaded assembly
- Completed reload, in  1.008 seconds
Domain Reload Profiling:
	ReloadAssembly (1009ms)
		BeginReloadAssembly (131ms)
			ExecutionOrderSort (0ms)
			DisableScriptedObjects (4ms)
			BackupInstance (0ms)
			ReleaseScriptingObjects (0ms)
			CreateAndSetChildDomain (35ms)
		EndReloadAssembly (831ms)
			LoadAssemblies (109ms)
			RebuildTransferFunctionScriptingTraits (0ms)
			SetupTypeCache (260ms)
			ReleaseScriptCaches (1ms)
			RebuildScriptCaches (40ms)
			SetupLoadedEditorAssemblies (307ms)
				LogAssemblyErrors (0ms)
				InitializePlatformSupportModulesInManaged (3ms)
				SetLoadedEditorAssemblies (1ms)
				RefreshPlugins (1ms)
				BeforeProcessingInitializeOnLoad (84ms)
				ProcessInitializeOnLoadAttributes (207ms)
				ProcessInitializeOnLoadMethodAttributes (8ms)
				AfterProcessingInitializeOnLoad (2ms)
				EditorAssembliesLoaded (0ms)
			ExecutionOrderSort2 (0ms)
			AwakeInstancesAfterBackupRestoration (15ms)
Platform modules already initialized, skipping
Refreshing native plugins compatible for Editor in 0.80 ms, found 2 plugins.
Preloading 0 native plugins for Editor in 0.00 ms.
Unloading 3349 Unused Serialized files (Serialized files now loaded: 0)
System memory in use before: 166.1 MB.
System memory in use after: 166.3 MB.

Unloading 17 unused Assets to reduce memory usage. Loaded Objects now: 4066.
Total: 4.143000 ms (FindLiveObjects: 0.337300 ms CreateObjectMapping: 0.209800 ms MarkObjects: 3.479300 ms  DeleteObjects: 0.115200 ms)

AssetImportParameters requested are different than current active one (requested -> active):
  custom:framework-win-MediaFoundation: 216162199b28c13a410421893ffa2e32 -> 
  custom:video-decoder-ogg-theora: a1e56fd34408186e4bbccfd4996cb3dc -> 
  custom:container-muxer-webm: aa71ff27fc2769a1b78a27578f13a17b -> 
  custom:container-demuxer-webm: 4f35f7cbe854078d1ac9338744f61a02 -> 
  custom:container-demuxer-ogg: 62fdf1f143b41e24485cea50d1cbac27 -> 
  custom:video-encoder-webm-vp8: eb34c28f22e8b96e1ab97ce403110664 -> 
  custom:video-codec-MediaFoundation-h265: 746d11721c4dcdbdad8f713fa42b33f4 -> 
  custom:video-decoder-webm-vp8: 9c59270c3fd7afecdb556c50c9e8de78 -> 
  custom:audio-decoder-ogg-vorbis: bf7c407c2cedff20999df2af8eb42d56 -> 
  custom:audio-encoder-webm-vorbis: bf7c407c2cedff20999df2af8eb42d56 -> 
========================================================================
Received Prepare
Registering precompiled user dll's ...
Registered in 0.004552 seconds.
Begin MonoManager ReloadAssembly
Native extension for WindowsStandalone target not found
Refreshing native plugins compatible for Editor in 0.66 ms, found 2 plugins.
Preloading 0 native plugins for Editor in 0.00 ms.
Mono: successfully reloaded assembly
- Completed reload, in  0.996 seconds
Domain Reload Profiling:
	ReloadAssembly (996ms)
		BeginReloadAssembly (126ms)
			ExecutionOrderSort (0ms)
			DisableScriptedObjects (4ms)
			BackupInstance (0ms)
			ReleaseScriptingObjects (0ms)
			CreateAndSetChildDomain (33ms)
		EndReloadAssembly (825ms)
			LoadAssemblies (109ms)
			RebuildTransferFunctionScriptingTraits (0ms)
			SetupTypeCache (277ms)
			ReleaseScriptCaches (1ms)
			RebuildScriptCaches (39ms)
			SetupLoadedEditorAssemblies (301ms)
				LogAssemblyErrors (0ms)
				InitializePlatformSupportModulesInManaged (3ms)
				SetLoadedEditorAssemblies (0ms)
				RefreshPlugins (1ms)
				BeforeProcessingInitializeOnLoad (83ms)
				ProcessInitializeOnLoadAttributes (204ms)
				ProcessInitializeOnLoadMethodAttributes (8ms)
				AfterProcessingInitializeOnLoad (2ms)
				EditorAssembliesLoaded (0ms)
			ExecutionOrderSort2 (0ms)
			AwakeInstancesAfterBackupRestoration (14ms)
Platform modules already initialized, skipping
Refreshing native plugins compatible for Editor in 0.68 ms, found 2 plugins.
Preloading 0 native plugins for Editor in 0.00 ms.
Unloading 3349 Unused Serialized files (Serialized files now loaded: 0)
System memory in use before: 166.1 MB.
System memory in use after: 166.3 MB.

Unloading 17 unused Assets to reduce memory usage. Loaded Objects now: 4068.
Total: 4.155700 ms (FindLiveObjects: 0.329900 ms CreateObjectMapping: 0.211100 ms MarkObjects: 3.503300 ms  DeleteObjects: 0.110100 ms)

AssetImportParameters requested are different than current active one (requested -> active):
  custom:framework-win-MediaFoundation: 216162199b28c13a410421893ffa2e32 -> 
  custom:video-decoder-ogg-theora: a1e56fd34408186e4bbccfd4996cb3dc -> 
  custom:container-muxer-webm: aa71ff27fc2769a1b78a27578f13a17b -> 
  custom:container-demuxer-webm: 4f35f7cbe854078d1ac9338744f61a02 -> 
  custom:container-demuxer-ogg: 62fdf1f143b41e24485cea50d1cbac27 -> 
  custom:video-encoder-webm-vp8: eb34c28f22e8b96e1ab97ce403110664 -> 
  custom:video-codec-MediaFoundation-h265: 746d11721c4dcdbdad8f713fa42b33f4 -> 
  custom:video-decoder-webm-vp8: 9c59270c3fd7afecdb556c50c9e8de78 -> 
  custom:audio-decoder-ogg-vorbis: bf7c407c2cedff20999df2af8eb42d56 -> 
  custom:audio-encoder-webm-vorbis: bf7c407c2cedff20999df2af8eb42d56 -> 
========================================================================
Received Import Request.
  Time since last request: 826.342999 seconds.
  path: Assets/Animations/PLayer.controller
  artifactKey: Guid(300106b6d0bc87946a0fe2a37ef8d727) Importer(815301076,1909f56bfc062723c751e8b465ee728b)
Start importing Assets/Animations/PLayer.controller using Guid(300106b6d0bc87946a0fe2a37ef8d727) Importer(815301076,1909f56bfc062723c751e8b465ee728b)  -> (artifact id: '25e3599c6a49ddbc21c4b210424cd2e6') in 0.066818 seconds 
  Import took 0.072166 seconds .

========================================================================
Received Import Request.
  Time since last request: 127.608135 seconds.
  path: Assets/AssetsStore/RPG Monster Duo PBR Polyart/Animations/TurtleShell/Attack01_TurtleShell_Anim.fbx
  artifactKey: Guid(18d0edd1f2ba4444d9ba9bdf01f251d4) Importer(815301076,1909f56bfc062723c751e8b465ee728b)
Start importing Assets/AssetsStore/RPG Monster Duo PBR Polyart/Animations/TurtleShell/Attack01_TurtleShell_Anim.fbx using Guid(18d0edd1f2ba4444d9ba9bdf01f251d4) Importer(815301076,1909f56bfc062723c751e8b465ee728b)  -> (artifact id: '2b38e5c79ac279a2c4a07634abc3087f') in 0.182590 seconds 
  Import took 0.188265 seconds .

========================================================================
Received Import Request.
  Time since last request: 0.000248 seconds.
  path: Assets/AssetsStore/RPG Monster Duo PBR Polyart/Animations/TurtleShell/DefendHit_TurtleShell_Anim.fbx
  artifactKey: Guid(2c6157875a0088f46bb6a78179983ab2) Importer(815301076,1909f56bfc062723c751e8b465ee728b)
Start importing Assets/AssetsStore/RPG Monster Duo PBR Polyart/Animations/TurtleShell/DefendHit_TurtleShell_Anim.fbx using Guid(2c6157875a0088f46bb6a78179983ab2) Importer(815301076,1909f56bfc062723c751e8b465ee728b)  -> (artifact id: '15157effcba94836789777037d061053') in 0.026937 seconds 
  Import took 0.033516 seconds .

========================================================================
Received Import Request.
  Time since last request: 0.000269 seconds.
  path: Assets/AssetsStore/RPG Monster Duo PBR Polyart/Animations/TurtleShell/GetHit_TurtleShell_Anim.fbx
  artifactKey: Guid(b374e22ebb027494eaf0e15709666b60) Importer(815301076,1909f56bfc062723c751e8b465ee728b)
Start importing Assets/AssetsStore/RPG Monster Duo PBR Polyart/Animations/TurtleShell/GetHit_TurtleShell_Anim.fbx using Guid(b374e22ebb027494eaf0e15709666b60) Importer(815301076,1909f56bfc062723c751e8b465ee728b)  -> (artifact id: '1e216b21e2cc3fe8adb24047a47dc29f') in 0.023725 seconds 
  Import took 0.029243 seconds .

========================================================================
Received Import Request.
  Time since last request: 0.000194 seconds.
  path: Assets/AssetsStore/RPG Monster Duo PBR Polyart/Animations/TurtleShell/IdleNormal_TurtleShell_Anim.fbx
  artifactKey: Guid(1b1e02561fcbcf64c82b7c02dfb9f53b) Importer(815301076,1909f56bfc062723c751e8b465ee728b)
Start importing Assets/AssetsStore/RPG Monster Duo PBR Polyart/Animations/TurtleShell/IdleNormal_TurtleShell_Anim.fbx using Guid(1b1e02561fcbcf64c82b7c02dfb9f53b) Importer(815301076,1909f56bfc062723c751e8b465ee728b)  -> (artifact id: '732a4a8163616235e595cc4ab940f947') in 0.031287 seconds 
  Import took 0.036820 seconds .

========================================================================
Received Import Request.
  Time since last request: 0.000267 seconds.
  path: Assets/AssetsStore/RPG Monster Duo PBR Polyart/Animations/TurtleShell/Dizzy_TurtleShell_Anim.fbx
  artifactKey: Guid(b8e1da2ff6963da4b8483eeae18b60a5) Importer(815301076,1909f56bfc062723c751e8b465ee728b)
Start importing Assets/AssetsStore/RPG Monster Duo PBR Polyart/Animations/TurtleShell/Dizzy_TurtleShell_Anim.fbx using Guid(b8e1da2ff6963da4b8483eeae18b60a5) Importer(815301076,1909f56bfc062723c751e8b465ee728b)  -> (artifact id: '4597e0a4803671f1c15c79d256033bfd') in 0.023731 seconds 
  Import took 0.030480 seconds .

========================================================================
Received Import Request.
  Time since last request: 0.000279 seconds.
  path: Assets/AssetsStore/RPG Monster Duo PBR Polyart/Animations/TurtleShell/IdleBattle_TurtleShell_Anim.fbx
  artifactKey: Guid(e599599913457404aa360071350dd7c4) Importer(815301076,1909f56bfc062723c751e8b465ee728b)
Start importing Assets/AssetsStore/RPG Monster Duo PBR Polyart/Animations/TurtleShell/IdleBattle_TurtleShell_Anim.fbx using Guid(e599599913457404aa360071350dd7c4) Importer(815301076,1909f56bfc062723c751e8b465ee728b)  -> (artifact id: '182a1e1c8e3fd0a45b9593a98bab4f46') in 0.023561 seconds 
  Import took 0.030421 seconds .

========================================================================
Received Import Request.
  Time since last request: 0.000318 seconds.
  path: Assets/AssetsStore/RPG Monster Duo PBR Polyart/Animations/Slime/IdleNormal_Slime_Anim.fbx
  artifactKey: Guid(21b5bb1519e484148aa30042c43904c0) Importer(815301076,1909f56bfc062723c751e8b465ee728b)
Start importing Assets/AssetsStore/RPG Monster Duo PBR Polyart/Animations/Slime/IdleNormal_Slime_Anim.fbx using Guid(21b5bb1519e484148aa30042c43904c0) Importer(815301076,1909f56bfc062723c751e8b465ee728b)  -> (artifact id: '385bf7578f5b50fb257087530fe35ab9') in 0.026823 seconds 
  Import took 0.031897 seconds .

========================================================================
Received Import Request.
  Time since last request: 0.000211 seconds.
  path: Assets/AssetsStore/RPG Monster Duo PBR Polyart/Animations/Slime/Run_Slime_Anim.fbx
  artifactKey: Guid(dbf4e442d523220489ca9531ab20161f) Importer(815301076,1909f56bfc062723c751e8b465ee728b)
Start importing Assets/AssetsStore/RPG Monster Duo PBR Polyart/Animations/Slime/Run_Slime_Anim.fbx using Guid(dbf4e442d523220489ca9531ab20161f) Importer(815301076,1909f56bfc062723c751e8b465ee728b)  -> (artifact id: '2c06fd91b16d113a8ced3edb5b3d460e') in 0.029691 seconds 
  Import took 0.034521 seconds .

========================================================================
Received Import Request.
  Time since last request: 0.000201 seconds.
  path: Assets/AssetsStore/RPG Monster Duo PBR Polyart/Animations/TurtleShell/Attack02_TurtleShell_Anim.fbx
  artifactKey: Guid(24d275f677a39b245a5e175f24e345a0) Importer(815301076,1909f56bfc062723c751e8b465ee728b)
Start importing Assets/AssetsStore/RPG Monster Duo PBR Polyart/Animations/TurtleShell/Attack02_TurtleShell_Anim.fbx using Guid(24d275f677a39b245a5e175f24e345a0) Importer(815301076,1909f56bfc062723c751e8b465ee728b)  -> (artifact id: 'd24285a449c8316a2c2af51619391fa7') in 0.027234 seconds 
  Import took 0.032488 seconds .

========================================================================
Received Import Request.
  Time since last request: 0.000204 seconds.
  path: Assets/AssetsStore/RPG Monster Duo PBR Polyart/Animations/Slime/SenseSomethingStart_Slime_Anim.fbx
  artifactKey: Guid(81c4fe76ddb8c314087afd9c59b831b3) Importer(815301076,1909f56bfc062723c751e8b465ee728b)
Start importing Assets/AssetsStore/RPG Monster Duo PBR Polyart/Animations/Slime/SenseSomethingStart_Slime_Anim.fbx using Guid(81c4fe76ddb8c314087afd9c59b831b3) Importer(815301076,1909f56bfc062723c751e8b465ee728b)  -> (artifact id: '6d7d8877aec0d796330f8aefac582e15') in 0.028021 seconds 
  Import took 0.035457 seconds .

========================================================================
Received Import Request.
  Time since last request: 0.000229 seconds.
  path: Assets/AssetsStore/RPG Monster Duo PBR Polyart/Animations/TurtleShell/SenseSomethingRT_TurtleShell_Anim.fbx
  artifactKey: Guid(ddc2a58dd3a46bc4aae83f0b6792d4ee) Importer(815301076,1909f56bfc062723c751e8b465ee728b)
Start importing Assets/AssetsStore/RPG Monster Duo PBR Polyart/Animations/TurtleShell/SenseSomethingRT_TurtleShell_Anim.fbx using Guid(ddc2a58dd3a46bc4aae83f0b6792d4ee) Importer(815301076,1909f56bfc062723c751e8b465ee728b)  -> (artifact id: '8aa61391e0545307f9ff13b97d445381') in 0.025965 seconds 
  Import took 0.031771 seconds .

========================================================================
Received Import Request.
  Time since last request: 0.000231 seconds.
  path: Assets/AssetsStore/RPG Monster Duo PBR Polyart/Animations/TurtleShell/SenseSomethingStart_TurtleShell_Anim.fbx
  artifactKey: Guid(a6c28cf5fd46b9045a05f90be02cf2bd) Importer(815301076,1909f56bfc062723c751e8b465ee728b)
Start importing Assets/AssetsStore/RPG Monster Duo PBR Polyart/Animations/TurtleShell/SenseSomethingStart_TurtleShell_Anim.fbx using Guid(a6c28cf5fd46b9045a05f90be02cf2bd) Importer(815301076,1909f56bfc062723c751e8b465ee728b)  -> (artifact id: '0a38f7ab8c6711953f1ff04e767d170c') in 0.024586 seconds 
  Import took 0.030008 seconds .

========================================================================
Received Import Request.
  Time since last request: 0.000229 seconds.
  path: Assets/AssetsStore/RPG Monster Duo PBR Polyart/Animations/Slime/SenseSomethingRoutine_Slime_Anim.fbx
  artifactKey: Guid(7598b72533d77114287ffbe12e3f9178) Importer(815301076,1909f56bfc062723c751e8b465ee728b)
Start importing Assets/AssetsStore/RPG Monster Duo PBR Polyart/Animations/Slime/SenseSomethingRoutine_Slime_Anim.fbx using Guid(7598b72533d77114287ffbe12e3f9178) Importer(815301076,1909f56bfc062723c751e8b465ee728b)  -> (artifact id: '9d9d875b8b120f913938d367dbee9074') in 0.025084 seconds 
  Import took 0.030055 seconds .

========================================================================
Received Import Request.
  Time since last request: 0.000211 seconds.
  path: Assets/AssetsStore/RPG Monster Duo PBR Polyart/Animations/Slime/GetHit_Slime_Anim.fbx
  artifactKey: Guid(a4dd2805a4cbc5b428b746ff8cf375c4) Importer(815301076,1909f56bfc062723c751e8b465ee728b)
Start importing Assets/AssetsStore/RPG Monster Duo PBR Polyart/Animations/Slime/GetHit_Slime_Anim.fbx using Guid(a4dd2805a4cbc5b428b746ff8cf375c4) Importer(815301076,1909f56bfc062723c751e8b465ee728b)  -> (artifact id: 'c39f6e7222c25c65a286f1c4d1786202') in 0.025447 seconds 
  Import took 0.031156 seconds .

========================================================================
Received Import Request.
  Time since last request: 0.000276 seconds.
  path: Assets/AssetsStore/RPG Monster Duo PBR Polyart/Animations/TurtleShell/Die_TurtleShell_Anim.fbx
  artifactKey: Guid(d57bb9f35b232f546851ae283a6a4310) Importer(815301076,1909f56bfc062723c751e8b465ee728b)
Start importing Assets/AssetsStore/RPG Monster Duo PBR Polyart/Animations/TurtleShell/Die_TurtleShell_Anim.fbx using Guid(d57bb9f35b232f546851ae283a6a4310) Importer(815301076,1909f56bfc062723c751e8b465ee728b)  -> (artifact id: '53b5691b39368befaa332fb3eb0f457f') in 0.026131 seconds 
  Import took 0.031420 seconds .

========================================================================
Received Import Request.
  Time since last request: 0.000261 seconds.
  path: Assets/AssetsStore/RPG Monster Duo PBR Polyart/Animations/Slime/IdleBattle_Slime_Anim.fbx
  artifactKey: Guid(2bfd6fdaf6b23874ca93fca2e578b931) Importer(815301076,1909f56bfc062723c751e8b465ee728b)
Start importing Assets/AssetsStore/RPG Monster Duo PBR Polyart/Animations/Slime/IdleBattle_Slime_Anim.fbx using Guid(2bfd6fdaf6b23874ca93fca2e578b931) Importer(815301076,1909f56bfc062723c751e8b465ee728b)  -> (artifact id: '5124ad5a021dd36be1dcab4084a03918') in 0.026528 seconds 
  Import took 0.031932 seconds .

========================================================================
Received Import Request.
  Time since last request: 0.000231 seconds.
  path: Assets/AssetsStore/RPG Monster Duo PBR Polyart/Animations/Slime/Attack02_Slime_Anim.fbx
  artifactKey: Guid(8254c95c1caa1da4cb1d22972c413dad) Importer(815301076,1909f56bfc062723c751e8b465ee728b)
Start importing Assets/AssetsStore/RPG Monster Duo PBR Polyart/Animations/Slime/Attack02_Slime_Anim.fbx using Guid(8254c95c1caa1da4cb1d22972c413dad) Importer(815301076,1909f56bfc062723c751e8b465ee728b)  -> (artifact id: '8d3c2af7b0c8bcd170da9e823c35a451') in 0.028109 seconds 
  Import took 0.033356 seconds .

========================================================================
Received Import Request.
  Time since last request: 0.000248 seconds.
  path: Assets/AssetsStore/RPG Monster Duo PBR Polyart/Animations/Slime/Attack01_Slime_Anim.fbx
  artifactKey: Guid(438236b1bb4dc03468cb3f2d12fa922c) Importer(815301076,1909f56bfc062723c751e8b465ee728b)
Start importing Assets/AssetsStore/RPG Monster Duo PBR Polyart/Animations/Slime/Attack01_Slime_Anim.fbx using Guid(438236b1bb4dc03468cb3f2d12fa922c) Importer(815301076,1909f56bfc062723c751e8b465ee728b)  -> (artifact id: '578ac183cf74f851daad3d738050ed03') in 0.029888 seconds 
  Import took 0.035410 seconds .

========================================================================
Received Import Request.
  Time since last request: 0.000221 seconds.
  path: Assets/AssetsStore/RPG Monster Duo PBR Polyart/Animations/TurtleShell/Defend_TurtleShell_Anim.fbx
  artifactKey: Guid(eece6c7b0fef3a74cacd7b1169d86d3b) Importer(815301076,1909f56bfc062723c751e8b465ee728b)
Start importing Assets/AssetsStore/RPG Monster Duo PBR Polyart/Animations/TurtleShell/Defend_TurtleShell_Anim.fbx using Guid(eece6c7b0fef3a74cacd7b1169d86d3b) Importer(815301076,1909f56bfc062723c751e8b465ee728b)  -> (artifact id: 'fe4f44b51dd04771fe1e76668dc64612') in 0.033308 seconds 
  Import took 0.039781 seconds .

========================================================================
Received Import Request.
  Time since last request: 0.000237 seconds.
  path: Assets/AssetsStore/RPG Monster Duo PBR Polyart/Meshes/TurtleShellMesh.fbx
  artifactKey: Guid(56dd4edec19a3b04195448769c085dfc) Importer(815301076,1909f56bfc062723c751e8b465ee728b)
Start importing Assets/AssetsStore/RPG Monster Duo PBR Polyart/Meshes/TurtleShellMesh.fbx using Guid(56dd4edec19a3b04195448769c085dfc) Importer(815301076,1909f56bfc062723c751e8b465ee728b)  -> (artifact id: 'e073af5fc9b4435a8bc27f94692e72f8') in 0.024704 seconds 
  Import took 0.030760 seconds .

========================================================================
Received Import Request.
  Time since last request: 0.000279 seconds.
  path: Assets/AssetsStore/RPG Monster Duo PBR Polyart/Animations/Slime/Dizzy_Slime_Anim.fbx
  artifactKey: Guid(08a0ee10a8d761e41bf8bc9b832040d1) Importer(815301076,1909f56bfc062723c751e8b465ee728b)
Start importing Assets/AssetsStore/RPG Monster Duo PBR Polyart/Animations/Slime/Dizzy_Slime_Anim.fbx using Guid(08a0ee10a8d761e41bf8bc9b832040d1) Importer(815301076,1909f56bfc062723c751e8b465ee728b)  -> (artifact id: '1932c416372efd45043bada6bd1ced78') in 0.026847 seconds 
  Import took 0.032279 seconds .

========================================================================
Received Import Request.
  Time since last request: 0.000213 seconds.
  path: Assets/AssetsStore/RPG Monster Duo PBR Polyart/Animations/TurtleShell/Run_TurtleShell_Anim.fbx
  artifactKey: Guid(7167b0d559da22d439a92af6ec59a2ad) Importer(815301076,1909f56bfc062723c751e8b465ee728b)
Start importing Assets/AssetsStore/RPG Monster Duo PBR Polyart/Animations/TurtleShell/Run_TurtleShell_Anim.fbx using Guid(7167b0d559da22d439a92af6ec59a2ad) Importer(815301076,1909f56bfc062723c751e8b465ee728b)  -> (artifact id: '1c1ed64c77125e0e9b3f2dd33356374d') in 0.029430 seconds 
  Import took 0.034804 seconds .

========================================================================
Received Import Request.
  Time since last request: 0.000212 seconds.
  path: Assets/AssetsStore/RPG Monster Duo PBR Polyart/Animations/Slime/Die_Slime_Anim.fbx
  artifactKey: Guid(f76b9b823f2fc9a469d0c2c780514380) Importer(815301076,1909f56bfc062723c751e8b465ee728b)
Start importing Assets/AssetsStore/RPG Monster Duo PBR Polyart/Animations/Slime/Die_Slime_Anim.fbx using Guid(f76b9b823f2fc9a469d0c2c780514380) Importer(815301076,1909f56bfc062723c751e8b465ee728b)  -> (artifact id: '972e58c0cee182d367952b2c8f70a2cd') in 0.027982 seconds 
  Import took 0.033399 seconds .

========================================================================
Received Prepare
Registering precompiled user dll's ...
Registered in 0.004386 seconds.
Begin MonoManager ReloadAssembly
Native extension for WindowsStandalone target not found
Refreshing native plugins compatible for Editor in 0.94 ms, found 2 plugins.
Preloading 0 native plugins for Editor in 0.00 ms.
Mono: successfully reloaded assembly
- Completed reload, in  0.983 seconds
Domain Reload Profiling:
	ReloadAssembly (984ms)
		BeginReloadAssembly (141ms)
			ExecutionOrderSort (0ms)
			DisableScriptedObjects (6ms)
			BackupInstance (0ms)
			ReleaseScriptingObjects (0ms)
			CreateAndSetChildDomain (45ms)
		EndReloadAssembly (797ms)
			LoadAssemblies (111ms)
			RebuildTransferFunctionScriptingTraits (0ms)
			SetupTypeCache (254ms)
			ReleaseScriptCaches (2ms)
			RebuildScriptCaches (39ms)
			SetupLoadedEditorAssemblies (304ms)
				LogAssemblyErrors (0ms)
				InitializePlatformSupportModulesInManaged (4ms)
				SetLoadedEditorAssemblies (1ms)
				RefreshPlugins (1ms)
				BeforeProcessingInitializeOnLoad (91ms)
				ProcessInitializeOnLoadAttributes (197ms)
				ProcessInitializeOnLoadMethodAttributes (8ms)
				AfterProcessingInitializeOnLoad (2ms)
				EditorAssembliesLoaded (0ms)
			ExecutionOrderSort2 (0ms)
			AwakeInstancesAfterBackupRestoration (14ms)
Platform modules already initialized, skipping
Refreshing native plugins compatible for Editor in 0.67 ms, found 2 plugins.
Preloading 0 native plugins for Editor in 0.00 ms.
Unloading 3349 Unused Serialized files (Serialized files now loaded: 0)
System memory in use before: 167.1 MB.
System memory in use after: 167.2 MB.

Unloading 17 unused Assets to reduce memory usage. Loaded Objects now: 4109.
Total: 4.048000 ms (FindLiveObjects: 0.327700 ms CreateObjectMapping: 0.169600 ms MarkObjects: 3.444200 ms  DeleteObjects: 0.105300 ms)

AssetImportParameters requested are different than current active one (requested -> active):
  custom:framework-win-MediaFoundation: 216162199b28c13a410421893ffa2e32 -> 
  custom:video-decoder-ogg-theora: a1e56fd34408186e4bbccfd4996cb3dc -> 
  custom:container-muxer-webm: aa71ff27fc2769a1b78a27578f13a17b -> 
  custom:container-demuxer-webm: 4f35f7cbe854078d1ac9338744f61a02 -> 
  custom:container-demuxer-ogg: 62fdf1f143b41e24485cea50d1cbac27 -> 
  custom:video-encoder-webm-vp8: eb34c28f22e8b96e1ab97ce403110664 -> 
  custom:video-codec-MediaFoundation-h265: 746d11721c4dcdbdad8f713fa42b33f4 -> 
  custom:video-decoder-webm-vp8: 9c59270c3fd7afecdb556c50c9e8de78 -> 
  custom:audio-decoder-ogg-vorbis: bf7c407c2cedff20999df2af8eb42d56 -> 
  custom:audio-encoder-webm-vorbis: bf7c407c2cedff20999df2af8eb42d56 -> 
========================================================================
Received Prepare
Registering precompiled user dll's ...
Registered in 0.005373 seconds.
Begin MonoManager ReloadAssembly
Native extension for WindowsStandalone target not found
Refreshing native plugins compatible for Editor in 0.65 ms, found 2 plugins.
Preloading 0 native plugins for Editor in 0.00 ms.
Mono: successfully reloaded assembly
- Completed reload, in  1.009 seconds
Domain Reload Profiling:
	ReloadAssembly (1009ms)
		BeginReloadAssembly (128ms)
			ExecutionOrderSort (0ms)
			DisableScriptedObjects (4ms)
			BackupInstance (0ms)
			ReleaseScriptingObjects (0ms)
			CreateAndSetChildDomain (37ms)
		EndReloadAssembly (830ms)
			LoadAssemblies (114ms)
			RebuildTransferFunctionScriptingTraits (0ms)
			SetupTypeCache (274ms)
			ReleaseScriptCaches (1ms)
			RebuildScriptCaches (39ms)
			SetupLoadedEditorAssemblies (307ms)
				LogAssemblyErrors (0ms)
				InitializePlatformSupportModulesInManaged (4ms)
				SetLoadedEditorAssemblies (0ms)
				RefreshPlugins (1ms)
				BeforeProcessingInitializeOnLoad (80ms)
				ProcessInitializeOnLoadAttributes (210ms)
				ProcessInitializeOnLoadMethodAttributes (9ms)
				AfterProcessingInitializeOnLoad (2ms)
				EditorAssembliesLoaded (0ms)
			ExecutionOrderSort2 (0ms)
			AwakeInstancesAfterBackupRestoration (15ms)
Platform modules already initialized, skipping
Refreshing native plugins compatible for Editor in 0.68 ms, found 2 plugins.
Preloading 0 native plugins for Editor in 0.00 ms.
Unloading 3349 Unused Serialized files (Serialized files now loaded: 0)
System memory in use before: 167.1 MB.
System memory in use after: 167.2 MB.

Unloading 17 unused Assets to reduce memory usage. Loaded Objects now: 4111.
Total: 4.312100 ms (FindLiveObjects: 0.325200 ms CreateObjectMapping: 0.199600 ms MarkObjects: 3.620900 ms  DeleteObjects: 0.164800 ms)

AssetImportParameters requested are different than current active one (requested -> active):
  custom:framework-win-MediaFoundation: 216162199b28c13a410421893ffa2e32 -> 
  custom:video-decoder-ogg-theora: a1e56fd34408186e4bbccfd4996cb3dc -> 
  custom:container-muxer-webm: aa71ff27fc2769a1b78a27578f13a17b -> 
  custom:container-demuxer-webm: 4f35f7cbe854078d1ac9338744f61a02 -> 
  custom:container-demuxer-ogg: 62fdf1f143b41e24485cea50d1cbac27 -> 
  custom:video-encoder-webm-vp8: eb34c28f22e8b96e1ab97ce403110664 -> 
  custom:video-codec-MediaFoundation-h265: 746d11721c4dcdbdad8f713fa42b33f4 -> 
  custom:video-decoder-webm-vp8: 9c59270c3fd7afecdb556c50c9e8de78 -> 
  custom:audio-decoder-ogg-vorbis: bf7c407c2cedff20999df2af8eb42d56 -> 
  custom:audio-encoder-webm-vorbis: bf7c407c2cedff20999df2af8eb42d56 -> 
========================================================================
Received Prepare
Registering precompiled user dll's ...
Registered in 0.004550 seconds.
Begin MonoManager ReloadAssembly
Native extension for WindowsStandalone target not found
Refreshing native plugins compatible for Editor in 0.71 ms, found 2 plugins.
Preloading 0 native plugins for Editor in 0.00 ms.
Mono: successfully reloaded assembly
- Completed reload, in  1.029 seconds
Domain Reload Profiling:
	ReloadAssembly (1029ms)
		BeginReloadAssembly (130ms)
			ExecutionOrderSort (0ms)
			DisableScriptedObjects (4ms)
			BackupInstance (0ms)
			ReleaseScriptingObjects (0ms)
			CreateAndSetChildDomain (35ms)
		EndReloadAssembly (850ms)
			LoadAssemblies (113ms)
			RebuildTransferFunctionScriptingTraits (0ms)
			SetupTypeCache (270ms)
			ReleaseScriptCaches (1ms)
			RebuildScriptCaches (38ms)
			SetupLoadedEditorAssemblies (318ms)
				LogAssemblyErrors (0ms)
				InitializePlatformSupportModulesInManaged (4ms)
				SetLoadedEditorAssemblies (1ms)
				RefreshPlugins (1ms)
				BeforeProcessingInitializeOnLoad (85ms)
				ProcessInitializeOnLoadAttributes (217ms)
				ProcessInitializeOnLoadMethodAttributes (9ms)
				AfterProcessingInitializeOnLoad (2ms)
				EditorAssembliesLoaded (0ms)
			ExecutionOrderSort2 (0ms)
			AwakeInstancesAfterBackupRestoration (15ms)
Platform modules already initialized, skipping
Refreshing native plugins compatible for Editor in 0.70 ms, found 2 plugins.
Preloading 0 native plugins for Editor in 0.00 ms.
Unloading 3349 Unused Serialized files (Serialized files now loaded: 0)
System memory in use before: 167.1 MB.
System memory in use after: 167.3 MB.

Unloading 17 unused Assets to reduce memory usage. Loaded Objects now: 4113.
Total: 3.868400 ms (FindLiveObjects: 0.305100 ms CreateObjectMapping: 0.214200 ms MarkObjects: 3.249800 ms  DeleteObjects: 0.098200 ms)

AssetImportParameters requested are different than current active one (requested -> active):
  custom:framework-win-MediaFoundation: 216162199b28c13a410421893ffa2e32 -> 
  custom:video-decoder-ogg-theora: a1e56fd34408186e4bbccfd4996cb3dc -> 
  custom:container-muxer-webm: aa71ff27fc2769a1b78a27578f13a17b -> 
  custom:container-demuxer-webm: 4f35f7cbe854078d1ac9338744f61a02 -> 
  custom:container-demuxer-ogg: 62fdf1f143b41e24485cea50d1cbac27 -> 
  custom:video-encoder-webm-vp8: eb34c28f22e8b96e1ab97ce403110664 -> 
  custom:video-codec-MediaFoundation-h265: 746d11721c4dcdbdad8f713fa42b33f4 -> 
  custom:video-decoder-webm-vp8: 9c59270c3fd7afecdb556c50c9e8de78 -> 
  custom:audio-decoder-ogg-vorbis: bf7c407c2cedff20999df2af8eb42d56 -> 
  custom:audio-encoder-webm-vorbis: bf7c407c2cedff20999df2af8eb42d56 -> 
========================================================================
Received Prepare
Registering precompiled user dll's ...
Registered in 0.004217 seconds.
Begin MonoManager ReloadAssembly
Native extension for WindowsStandalone target not found
Refreshing native plugins compatible for Editor in 0.70 ms, found 2 plugins.
Preloading 0 native plugins for Editor in 0.00 ms.
Mono: successfully reloaded assembly
- Completed reload, in  0.936 seconds
Domain Reload Profiling:
	ReloadAssembly (937ms)
		BeginReloadAssembly (118ms)
			ExecutionOrderSort (0ms)
			DisableScriptedObjects (4ms)
			BackupInstance (0ms)
			ReleaseScriptingObjects (0ms)
			CreateAndSetChildDomain (32ms)
		EndReloadAssembly (774ms)
			LoadAssemblies (107ms)
			RebuildTransferFunctionScriptingTraits (0ms)
			SetupTypeCache (246ms)
			ReleaseScriptCaches (1ms)
			RebuildScriptCaches (38ms)
			SetupLoadedEditorAssemblies (284ms)
				LogAssemblyErrors (0ms)
				InitializePlatformSupportModulesInManaged (3ms)
				SetLoadedEditorAssemblies (1ms)
				RefreshPlugins (1ms)
				BeforeProcessingInitializeOnLoad (72ms)
				ProcessInitializeOnLoadAttributes (198ms)
				ProcessInitializeOnLoadMethodAttributes (8ms)
				AfterProcessingInitializeOnLoad (2ms)
				EditorAssembliesLoaded (0ms)
			ExecutionOrderSort2 (0ms)
			AwakeInstancesAfterBackupRestoration (13ms)
Platform modules already initialized, skipping
Refreshing native plugins compatible for Editor in 0.66 ms, found 2 plugins.
Preloading 0 native plugins for Editor in 0.00 ms.
Unloading 3349 Unused Serialized files (Serialized files now loaded: 0)
System memory in use before: 167.1 MB.
System memory in use after: 167.3 MB.

Unloading 17 unused Assets to reduce memory usage. Loaded Objects now: 4115.
Total: 3.794800 ms (FindLiveObjects: 0.313100 ms CreateObjectMapping: 0.183400 ms MarkObjects: 3.197200 ms  DeleteObjects: 0.099800 ms)

AssetImportParameters requested are different than current active one (requested -> active):
  custom:framework-win-MediaFoundation: 216162199b28c13a410421893ffa2e32 -> 
  custom:video-decoder-ogg-theora: a1e56fd34408186e4bbccfd4996cb3dc -> 
  custom:container-muxer-webm: aa71ff27fc2769a1b78a27578f13a17b -> 
  custom:container-demuxer-webm: 4f35f7cbe854078d1ac9338744f61a02 -> 
  custom:container-demuxer-ogg: 62fdf1f143b41e24485cea50d1cbac27 -> 
  custom:video-encoder-webm-vp8: eb34c28f22e8b96e1ab97ce403110664 -> 
  custom:video-codec-MediaFoundation-h265: 746d11721c4dcdbdad8f713fa42b33f4 -> 
  custom:video-decoder-webm-vp8: 9c59270c3fd7afecdb556c50c9e8de78 -> 
  custom:audio-decoder-ogg-vorbis: bf7c407c2cedff20999df2af8eb42d56 -> 
  custom:audio-encoder-webm-vorbis: bf7c407c2cedff20999df2af8eb42d56 -> 
========================================================================
Received Prepare
Registering precompiled user dll's ...
Registered in 0.004324 seconds.
Begin MonoManager ReloadAssembly
Native extension for WindowsStandalone target not found
Refreshing native plugins compatible for Editor in 0.67 ms, found 2 plugins.
Preloading 0 native plugins for Editor in 0.00 ms.
Mono: successfully reloaded assembly
- Completed reload, in  0.924 seconds
Domain Reload Profiling:
	ReloadAssembly (925ms)
		BeginReloadAssembly (117ms)
			ExecutionOrderSort (0ms)
			DisableScriptedObjects (4ms)
			BackupInstance (0ms)
			ReleaseScriptingObjects (0ms)
			CreateAndSetChildDomain (32ms)
		EndReloadAssembly (760ms)
			LoadAssemblies (98ms)
			RebuildTransferFunctionScriptingTraits (0ms)
			SetupTypeCache (253ms)
			ReleaseScriptCaches (1ms)
			RebuildScriptCaches (38ms)
			SetupLoadedEditorAssemblies (277ms)
				LogAssemblyErrors (0ms)
				InitializePlatformSupportModulesInManaged (3ms)
				SetLoadedEditorAssemblies (1ms)
				RefreshPlugins (1ms)
				BeforeProcessingInitializeOnLoad (76ms)
				ProcessInitializeOnLoadAttributes (184ms)
				ProcessInitializeOnLoadMethodAttributes (10ms)
				AfterProcessingInitializeOnLoad (2ms)
				EditorAssembliesLoaded (0ms)
			ExecutionOrderSort2 (0ms)
			AwakeInstancesAfterBackupRestoration (14ms)
Platform modules already initialized, skipping
Refreshing native plugins compatible for Editor in 0.70 ms, found 2 plugins.
Preloading 0 native plugins for Editor in 0.00 ms.
Unloading 3349 Unused Serialized files (Serialized files now loaded: 0)
System memory in use before: 167.1 MB.
System memory in use after: 167.3 MB.

Unloading 17 unused Assets to reduce memory usage. Loaded Objects now: 4117.
Total: 3.497300 ms (FindLiveObjects: 0.300700 ms CreateObjectMapping: 0.166900 ms MarkObjects: 2.940900 ms  DeleteObjects: 0.088000 ms)

AssetImportParameters requested are different than current active one (requested -> active):
  custom:framework-win-MediaFoundation: 216162199b28c13a410421893ffa2e32 -> 
  custom:video-decoder-ogg-theora: a1e56fd34408186e4bbccfd4996cb3dc -> 
  custom:container-muxer-webm: aa71ff27fc2769a1b78a27578f13a17b -> 
  custom:container-demuxer-webm: 4f35f7cbe854078d1ac9338744f61a02 -> 
  custom:container-demuxer-ogg: 62fdf1f143b41e24485cea50d1cbac27 -> 
  custom:video-encoder-webm-vp8: eb34c28f22e8b96e1ab97ce403110664 -> 
  custom:video-codec-MediaFoundation-h265: 746d11721c4dcdbdad8f713fa42b33f4 -> 
  custom:video-decoder-webm-vp8: 9c59270c3fd7afecdb556c50c9e8de78 -> 
  custom:audio-decoder-ogg-vorbis: bf7c407c2cedff20999df2af8eb42d56 -> 
  custom:audio-encoder-webm-vorbis: bf7c407c2cedff20999df2af8eb42d56 -> 
========================================================================
Received Prepare
Registering precompiled user dll's ...
Registered in 0.004343 seconds.
Begin MonoManager ReloadAssembly
Native extension for WindowsStandalone target not found
Refreshing native plugins compatible for Editor in 0.68 ms, found 2 plugins.
Preloading 0 native plugins for Editor in 0.00 ms.
Mono: successfully reloaded assembly
- Completed reload, in  0.916 seconds
Domain Reload Profiling:
	ReloadAssembly (916ms)
		BeginReloadAssembly (121ms)
			ExecutionOrderSort (0ms)
			DisableScriptedObjects (4ms)
			BackupInstance (0ms)
			ReleaseScriptingObjects (0ms)
			CreateAndSetChildDomain (33ms)
		EndReloadAssembly (751ms)
			LoadAssemblies (96ms)
			RebuildTransferFunctionScriptingTraits (0ms)
			SetupTypeCache (247ms)
			ReleaseScriptCaches (2ms)
			RebuildScriptCaches (35ms)
			SetupLoadedEditorAssemblies (278ms)
				LogAssemblyErrors (0ms)
				InitializePlatformSupportModulesInManaged (3ms)
				SetLoadedEditorAssemblies (0ms)
				RefreshPlugins (1ms)
				BeforeProcessingInitializeOnLoad (78ms)
				ProcessInitializeOnLoadAttributes (184ms)
				ProcessInitializeOnLoadMethodAttributes (8ms)
				AfterProcessingInitializeOnLoad (2ms)
				EditorAssembliesLoaded (0ms)
			ExecutionOrderSort2 (0ms)
			AwakeInstancesAfterBackupRestoration (13ms)
Platform modules already initialized, skipping
Refreshing native plugins compatible for Editor in 0.76 ms, found 2 plugins.
Preloading 0 native plugins for Editor in 0.00 ms.
Unloading 3349 Unused Serialized files (Serialized files now loaded: 0)
System memory in use before: 167.1 MB.
System memory in use after: 167.3 MB.

Unloading 17 unused Assets to reduce memory usage. Loaded Objects now: 4119.
Total: 3.851700 ms (FindLiveObjects: 0.396700 ms CreateObjectMapping: 0.200100 ms MarkObjects: 3.148500 ms  DeleteObjects: 0.105200 ms)

AssetImportParameters requested are different than current active one (requested -> active):
  custom:framework-win-MediaFoundation: 216162199b28c13a410421893ffa2e32 -> 
  custom:video-decoder-ogg-theora: a1e56fd34408186e4bbccfd4996cb3dc -> 
  custom:container-muxer-webm: aa71ff27fc2769a1b78a27578f13a17b -> 
  custom:container-demuxer-webm: 4f35f7cbe854078d1ac9338744f61a02 -> 
  custom:container-demuxer-ogg: 62fdf1f143b41e24485cea50d1cbac27 -> 
  custom:video-encoder-webm-vp8: eb34c28f22e8b96e1ab97ce403110664 -> 
  custom:video-codec-MediaFoundation-h265: 746d11721c4dcdbdad8f713fa42b33f4 -> 
  custom:video-decoder-webm-vp8: 9c59270c3fd7afecdb556c50c9e8de78 -> 
  custom:audio-decoder-ogg-vorbis: bf7c407c2cedff20999df2af8eb42d56 -> 
  custom:audio-encoder-webm-vorbis: bf7c407c2cedff20999df2af8eb42d56 -> 
========================================================================
Received Prepare
Registering precompiled user dll's ...
Registered in 0.004226 seconds.
Begin MonoManager ReloadAssembly
Native extension for WindowsStandalone target not found
Refreshing native plugins compatible for Editor in 0.69 ms, found 2 plugins.
Preloading 0 native plugins for Editor in 0.00 ms.
Mono: successfully reloaded assembly
- Completed reload, in  0.937 seconds
Domain Reload Profiling:
	ReloadAssembly (938ms)
		BeginReloadAssembly (127ms)
			ExecutionOrderSort (0ms)
			DisableScriptedObjects (4ms)
			BackupInstance (0ms)
			ReleaseScriptingObjects (0ms)
			CreateAndSetChildDomain (30ms)
		EndReloadAssembly (764ms)
			LoadAssemblies (104ms)
			RebuildTransferFunctionScriptingTraits (0ms)
			SetupTypeCache (251ms)
			ReleaseScriptCaches (1ms)
			RebuildScriptCaches (36ms)
			SetupLoadedEditorAssemblies (275ms)
				LogAssemblyErrors (0ms)
				InitializePlatformSupportModulesInManaged (3ms)
				SetLoadedEditorAssemblies (0ms)
				RefreshPlugins (1ms)
				BeforeProcessingInitializeOnLoad (71ms)
				ProcessInitializeOnLoadAttributes (190ms)
				ProcessInitializeOnLoadMethodAttributes (8ms)
				AfterProcessingInitializeOnLoad (2ms)
				EditorAssembliesLoaded (0ms)
			ExecutionOrderSort2 (0ms)
			AwakeInstancesAfterBackupRestoration (14ms)
Platform modules already initialized, skipping
Refreshing native plugins compatible for Editor in 0.66 ms, found 2 plugins.
Preloading 0 native plugins for Editor in 0.00 ms.
Unloading 3349 Unused Serialized files (Serialized files now loaded: 0)
System memory in use before: 167.1 MB.
System memory in use after: 167.3 MB.

Unloading 17 unused Assets to reduce memory usage. Loaded Objects now: 4121.
Total: 3.835200 ms (FindLiveObjects: 0.282100 ms CreateObjectMapping: 0.167000 ms MarkObjects: 3.285600 ms  DeleteObjects: 0.099500 ms)

AssetImportParameters requested are different than current active one (requested -> active):
  custom:framework-win-MediaFoundation: 216162199b28c13a410421893ffa2e32 -> 
  custom:video-decoder-ogg-theora: a1e56fd34408186e4bbccfd4996cb3dc -> 
  custom:container-muxer-webm: aa71ff27fc2769a1b78a27578f13a17b -> 
  custom:container-demuxer-webm: 4f35f7cbe854078d1ac9338744f61a02 -> 
  custom:container-demuxer-ogg: 62fdf1f143b41e24485cea50d1cbac27 -> 
  custom:video-encoder-webm-vp8: eb34c28f22e8b96e1ab97ce403110664 -> 
  custom:video-codec-MediaFoundation-h265: 746d11721c4dcdbdad8f713fa42b33f4 -> 
  custom:video-decoder-webm-vp8: 9c59270c3fd7afecdb556c50c9e8de78 -> 
  custom:audio-decoder-ogg-vorbis: bf7c407c2cedff20999df2af8eb42d56 -> 
  custom:audio-encoder-webm-vorbis: bf7c407c2cedff20999df2af8eb42d56 -> 
========================================================================
Received Prepare
Registering precompiled user dll's ...
Registered in 0.004325 seconds.
Begin MonoManager ReloadAssembly
Native extension for WindowsStandalone target not found
Refreshing native plugins compatible for Editor in 0.69 ms, found 2 plugins.
Preloading 0 native plugins for Editor in 0.00 ms.
Mono: successfully reloaded assembly
- Completed reload, in  0.935 seconds
Domain Reload Profiling:
	ReloadAssembly (936ms)
		BeginReloadAssembly (120ms)
			ExecutionOrderSort (0ms)
			DisableScriptedObjects (4ms)
			BackupInstance (0ms)
			ReleaseScriptingObjects (0ms)
			CreateAndSetChildDomain (31ms)
		EndReloadAssembly (770ms)
			LoadAssemblies (93ms)
			RebuildTransferFunctionScriptingTraits (0ms)
			SetupTypeCache (265ms)
			ReleaseScriptCaches (2ms)
			RebuildScriptCaches (37ms)
			SetupLoadedEditorAssemblies (278ms)
				LogAssemblyErrors (0ms)
				InitializePlatformSupportModulesInManaged (3ms)
				SetLoadedEditorAssemblies (0ms)
				RefreshPlugins (1ms)
				BeforeProcessingInitializeOnLoad (76ms)
				ProcessInitializeOnLoadAttributes (189ms)
				ProcessInitializeOnLoadMethodAttributes (8ms)
				AfterProcessingInitializeOnLoad (2ms)
				EditorAssembliesLoaded (0ms)
			ExecutionOrderSort2 (0ms)
			AwakeInstancesAfterBackupRestoration (14ms)
Platform modules already initialized, skipping
Refreshing native plugins compatible for Editor in 0.64 ms, found 2 plugins.
Preloading 0 native plugins for Editor in 0.00 ms.
Unloading 3349 Unused Serialized files (Serialized files now loaded: 0)
System memory in use before: 167.1 MB.
System memory in use after: 167.3 MB.

Unloading 17 unused Assets to reduce memory usage. Loaded Objects now: 4123.
Total: 3.879900 ms (FindLiveObjects: 0.301900 ms CreateObjectMapping: 0.182700 ms MarkObjects: 3.300700 ms  DeleteObjects: 0.093500 ms)

AssetImportParameters requested are different than current active one (requested -> active):
  custom:framework-win-MediaFoundation: 216162199b28c13a410421893ffa2e32 -> 
  custom:video-decoder-ogg-theora: a1e56fd34408186e4bbccfd4996cb3dc -> 
  custom:container-muxer-webm: aa71ff27fc2769a1b78a27578f13a17b -> 
  custom:container-demuxer-webm: 4f35f7cbe854078d1ac9338744f61a02 -> 
  custom:container-demuxer-ogg: 62fdf1f143b41e24485cea50d1cbac27 -> 
  custom:video-encoder-webm-vp8: eb34c28f22e8b96e1ab97ce403110664 -> 
  custom:video-codec-MediaFoundation-h265: 746d11721c4dcdbdad8f713fa42b33f4 -> 
  custom:video-decoder-webm-vp8: 9c59270c3fd7afecdb556c50c9e8de78 -> 
  custom:audio-decoder-ogg-vorbis: bf7c407c2cedff20999df2af8eb42d56 -> 
  custom:audio-encoder-webm-vorbis: bf7c407c2cedff20999df2af8eb42d56 -> 
========================================================================
Received Prepare
Registering precompiled user dll's ...
Registered in 0.004704 seconds.
Begin MonoManager ReloadAssembly
Native extension for WindowsStandalone target not found
Refreshing native plugins compatible for Editor in 0.65 ms, found 2 plugins.
Preloading 0 native plugins for Editor in 0.00 ms.
Mono: successfully reloaded assembly
- Completed reload, in  0.907 seconds
Domain Reload Profiling:
	ReloadAssembly (907ms)
		BeginReloadAssembly (120ms)
			ExecutionOrderSort (0ms)
			DisableScriptedObjects (4ms)
			BackupInstance (0ms)
			ReleaseScriptingObjects (0ms)
			CreateAndSetChildDomain (32ms)
		EndReloadAssembly (741ms)
			LoadAssemblies (99ms)
			RebuildTransferFunctionScriptingTraits (0ms)
			SetupTypeCache (244ms)
			ReleaseScriptCaches (1ms)
			RebuildScriptCaches (35ms)
			SetupLoadedEditorAssemblies (270ms)
				LogAssemblyErrors (0ms)
				InitializePlatformSupportModulesInManaged (3ms)
				SetLoadedEditorAssemblies (0ms)
				RefreshPlugins (1ms)
				BeforeProcessingInitializeOnLoad (74ms)
				ProcessInitializeOnLoadAttributes (180ms)
				ProcessInitializeOnLoadMethodAttributes (10ms)
				AfterProcessingInitializeOnLoad (2ms)
				EditorAssembliesLoaded (0ms)
			ExecutionOrderSort2 (0ms)
			AwakeInstancesAfterBackupRestoration (12ms)
Platform modules already initialized, skipping
Refreshing native plugins compatible for Editor in 0.66 ms, found 2 plugins.
Preloading 0 native plugins for Editor in 0.00 ms.
Unloading 3349 Unused Serialized files (Serialized files now loaded: 0)
System memory in use before: 167.1 MB.
System memory in use after: 167.3 MB.

Unloading 17 unused Assets to reduce memory usage. Loaded Objects now: 4125.
Total: 3.466800 ms (FindLiveObjects: 0.283200 ms CreateObjectMapping: 0.171600 ms MarkObjects: 2.927900 ms  DeleteObjects: 0.083400 ms)

AssetImportParameters requested are different than current active one (requested -> active):
  custom:framework-win-MediaFoundation: 216162199b28c13a410421893ffa2e32 -> 
  custom:video-decoder-ogg-theora: a1e56fd34408186e4bbccfd4996cb3dc -> 
  custom:container-muxer-webm: aa71ff27fc2769a1b78a27578f13a17b -> 
  custom:container-demuxer-webm: 4f35f7cbe854078d1ac9338744f61a02 -> 
  custom:container-demuxer-ogg: 62fdf1f143b41e24485cea50d1cbac27 -> 
  custom:video-encoder-webm-vp8: eb34c28f22e8b96e1ab97ce403110664 -> 
  custom:video-codec-MediaFoundation-h265: 746d11721c4dcdbdad8f713fa42b33f4 -> 
  custom:video-decoder-webm-vp8: 9c59270c3fd7afecdb556c50c9e8de78 -> 
  custom:audio-decoder-ogg-vorbis: bf7c407c2cedff20999df2af8eb42d56 -> 
  custom:audio-encoder-webm-vorbis: bf7c407c2cedff20999df2af8eb42d56 -> 
AssetImportWorkerClient::OnTransportError - code=2 error=End of file
